#! /usr/local/bin/vvp
:ivl_version "0.9.3 " "(v0_9_3)";
:vpi_time_precision + 0;
:vpi_module "system";
:vpi_module "v2005_math";
:vpi_module "va_math";
S_0x28d2020 .scope module, "top_test" "top_test" 2 3;
 .timescale 0 0;
P_0x2891bd8 .param/l "ADD" 3 16, C4<1101>;
P_0x2891c00 .param/l "CHECK" 3 15, C4<1100>;
P_0x2891c28 .param/l "COMPARE1" 3 8, C4<0101>;
P_0x2891c50 .param/l "COMPARE2" 3 9, C4<0110>;
P_0x2891c78 .param/l "COMPARE3" 3 10, C4<0111>;
P_0x2891ca0 .param/l "COMPARE4" 3 11, C4<1000>;
P_0x2891cc8 .param/l "COMPARE5" 3 12, C4<1001>;
P_0x2891cf0 .param/l "COMPARE6" 3 13, C4<1010>;
P_0x2891d18 .param/l "COMPARE7" 3 14, C4<1011>;
P_0x2891d40 .param/l "INC" 3 3, C4<0000>;
P_0x2891d68 .param/l "JMP" 3 4, C4<0001>;
P_0x2891d90 .param/l "JNZ" 3 5, C4<0010>;
P_0x2891db8 .param/l "LI" 3 6, C4<0011>;
P_0x2891de0 .param/l "NAND" 3 18, C4<1111>;
P_0x2891e08 .param/l "STORE" 3 7, C4<0100>;
P_0x2891e30 .param/l "SUB" 3 17, C4<1110>;
v0x2909d30_0 .var "clk", 0 0;
v0x2909db0_0 .var "in", 3 0;
v0x2909e30_0 .var "rst", 0 0;
S_0x28d1a90 .scope module, "top" "top" 2 11, 4 4, S_0x28d2020;
 .timescale 0 0;
P_0x2889538 .param/l "ADD" 3 16, C4<1101>;
P_0x2889560 .param/l "CHECK" 3 15, C4<1100>;
P_0x2889588 .param/l "COMPARE1" 3 8, C4<0101>;
P_0x28895b0 .param/l "COMPARE2" 3 9, C4<0110>;
P_0x28895d8 .param/l "COMPARE3" 3 10, C4<0111>;
P_0x2889600 .param/l "COMPARE4" 3 11, C4<1000>;
P_0x2889628 .param/l "COMPARE5" 3 12, C4<1001>;
P_0x2889650 .param/l "COMPARE6" 3 13, C4<1010>;
P_0x2889678 .param/l "COMPARE7" 3 14, C4<1011>;
P_0x28896a0 .param/l "INC" 3 3, C4<0000>;
P_0x28896c8 .param/l "JMP" 3 4, C4<0001>;
P_0x28896f0 .param/l "JNZ" 3 5, C4<0010>;
P_0x2889718 .param/l "LI" 3 6, C4<0011>;
P_0x2889740 .param/l "NAND" 3 18, C4<1111>;
P_0x2889768 .param/l "STORE" 3 7, C4<0100>;
P_0x2889790 .param/l "SUB" 3 17, C4<1110>;
v0x29088d0_0 .net "alu_in", 7 0, L_0x290a080; 1 drivers
v0x2908950_0 .net "alu_op", 3 0, v0x2907120_0; 1 drivers
v0x2908a20_0 .net "alu_out", 7 0, v0x2906620_0; 1 drivers
v0x2908aa0_0 .net "clk", 0 0, v0x2909d30_0; 1 drivers
v0x2908bb0_0 .net "data1", 7 0, v0x29071f0_0; 1 drivers
v0x2908c30_0 .net "data2", 7 0, v0x2904990_0; 1 drivers
v0x2908d40_0 .net "data_in", 7 0, v0x2904d40_0; 1 drivers
v0x2908e10_0 .net "dst", 3 0, v0x29072a0_0; 1 drivers
v0x2908f30_0 .net "in", 3 0, v0x2909db0_0; 1 drivers
v0x2908fb0_0 .net "lastzf", 0 0, v0x2905050_0; 1 drivers
v0x2909090_0 .net "mem_data", 7 0, L_0x290a210; 1 drivers
v0x2909160_0 .net "mem_we", 0 0, v0x2907350_0; 1 drivers
v0x2909250_0 .net "op", 15 0, v0x2908310_0; 1 drivers
v0x2909320_0 .net "pc", 6 0, v0x29086a0_0; 1 drivers
v0x2909420_0 .net "pc_in", 6 0, v0x29074b0_0; 1 drivers
v0x29094f0_0 .net "pc_we", 0 0, v0x2907570_0; 1 drivers
v0x2909600_0 .net "reg_out", 7 0, L_0x2909af0; 1 drivers
v0x29096d0_0 .net "reg_we", 0 0, v0x29075f0_0; 1 drivers
v0x29097f0_0 .net "rst", 0 0, v0x2909e30_0; 1 drivers
v0x2909870_0 .net "sel1", 0 0, v0x29076c0_0; 1 drivers
v0x29099a0_0 .net "sel2", 0 0, v0x2907770_0; 1 drivers
v0x2909a20_0 .net "src0", 3 0, v0x2907880_0; 1 drivers
v0x2909b60_0 .net "src1", 3 0, v0x2907930_0; 1 drivers
v0x2909be0_0 .net "zf", 0 0, v0x29066f0_0; 1 drivers
S_0x2908460 .scope module, "pc1" "pc" 4 21, 5 1, S_0x28d1a90;
 .timescale 0 0;
v0x2908550_0 .alias "clk", 0 0, v0x2908aa0_0;
v0x29085f0_0 .alias "pc_in", 6 0, v0x2909420_0;
v0x29086a0_0 .var "pc_out", 6 0;
v0x2908750_0 .alias "rst", 0 0, v0x29097f0_0;
v0x2908850_0 .alias "we", 0 0, v0x29094f0_0;
S_0x2907aa0 .scope module, "queen" "queen" 4 22, 6 3, S_0x28d1a90;
 .timescale 0 0;
P_0x2907b98 .param/l "ADD" 3 16, C4<1101>;
P_0x2907bc0 .param/l "CHECK" 3 15, C4<1100>;
P_0x2907be8 .param/l "COMPARE1" 3 8, C4<0101>;
P_0x2907c10 .param/l "COMPARE2" 3 9, C4<0110>;
P_0x2907c38 .param/l "COMPARE3" 3 10, C4<0111>;
P_0x2907c60 .param/l "COMPARE4" 3 11, C4<1000>;
P_0x2907c88 .param/l "COMPARE5" 3 12, C4<1001>;
P_0x2907cb0 .param/l "COMPARE6" 3 13, C4<1010>;
P_0x2907cd8 .param/l "COMPARE7" 3 14, C4<1011>;
P_0x2907d00 .param/l "INC" 3 3, C4<0000>;
P_0x2907d28 .param/l "JMP" 3 4, C4<0001>;
P_0x2907d50 .param/l "JNZ" 3 5, C4<0010>;
P_0x2907d78 .param/l "LI" 3 6, C4<0011>;
P_0x2907da0 .param/l "NAND" 3 18, C4<1111>;
P_0x2907dc8 .param/l "STORE" 3 7, C4<0100>;
P_0x2907df0 .param/l "SUB" 3 17, C4<1110>;
v0x2908310_0 .var "op", 15 0;
v0x29083e0_0 .alias "pc", 6 0, v0x2909320_0;
E_0x29082c0 .event edge, v0x29083e0_0;
S_0x2906770 .scope module, "decoder" "decoder" 4 23, 7 3, S_0x28d1a90;
 .timescale 0 0;
P_0x2906868 .param/l "ADD" 3 16, C4<1101>;
P_0x2906890 .param/l "CHECK" 3 15, C4<1100>;
P_0x29068b8 .param/l "COMPARE1" 3 8, C4<0101>;
P_0x29068e0 .param/l "COMPARE2" 3 9, C4<0110>;
P_0x2906908 .param/l "COMPARE3" 3 10, C4<0111>;
P_0x2906930 .param/l "COMPARE4" 3 11, C4<1000>;
P_0x2906958 .param/l "COMPARE5" 3 12, C4<1001>;
P_0x2906980 .param/l "COMPARE6" 3 13, C4<1010>;
P_0x29069a8 .param/l "COMPARE7" 3 14, C4<1011>;
P_0x29069d0 .param/l "INC" 3 3, C4<0000>;
P_0x29069f8 .param/l "JMP" 3 4, C4<0001>;
P_0x2906a20 .param/l "JNZ" 3 5, C4<0010>;
P_0x2906a48 .param/l "LI" 3 6, C4<0011>;
P_0x2906a70 .param/l "NAND" 3 18, C4<1111>;
P_0x2906a98 .param/l "STORE" 3 7, C4<0100>;
P_0x2906ac0 .param/l "SUB" 3 17, C4<1110>;
v0x2907120_0 .var "alu_op", 3 0;
v0x29071f0_0 .var "data", 7 0;
v0x29072a0_0 .var "dst", 3 0;
v0x2907350_0 .var "mem_we", 0 0;
v0x2907430_0 .alias "op", 15 0, v0x2909250_0;
v0x29074b0_0 .var "pc_in", 6 0;
v0x2907570_0 .var "pc_we", 0 0;
v0x29075f0_0 .var "reg_we", 0 0;
v0x29076c0_0 .var "sel1", 0 0;
v0x2907770_0 .var "sel2", 0 0;
v0x2907880_0 .var "src0", 3 0;
v0x2907930_0 .var "src1", 3 0;
v0x2907a20_0 .alias "zf", 0 0, v0x2908fb0_0;
E_0x29070d0 .event edge, v0x2907430_0, v0x2905050_0;
S_0x2905af0 .scope module, "alu" "alu" 4 24, 8 3, S_0x28d1a90;
 .timescale 0 0;
P_0x2905be8 .param/l "ADD" 3 16, C4<1101>;
P_0x2905c10 .param/l "CHECK" 3 15, C4<1100>;
P_0x2905c38 .param/l "COMPARE1" 3 8, C4<0101>;
P_0x2905c60 .param/l "COMPARE2" 3 9, C4<0110>;
P_0x2905c88 .param/l "COMPARE3" 3 10, C4<0111>;
P_0x2905cb0 .param/l "COMPARE4" 3 11, C4<1000>;
P_0x2905cd8 .param/l "COMPARE5" 3 12, C4<1001>;
P_0x2905d00 .param/l "COMPARE6" 3 13, C4<1010>;
P_0x2905d28 .param/l "COMPARE7" 3 14, C4<1011>;
P_0x2905d50 .param/l "INC" 3 3, C4<0000>;
P_0x2905d78 .param/l "JMP" 3 4, C4<0001>;
P_0x2905da0 .param/l "JNZ" 3 5, C4<0010>;
P_0x2905dc8 .param/l "LI" 3 6, C4<0011>;
P_0x2905df0 .param/l "NAND" 3 18, C4<1111>;
P_0x2905e18 .param/l "STORE" 3 7, C4<0100>;
P_0x2905e40 .param/l "SUB" 3 17, C4<1110>;
v0x2906400_0 .alias "in0", 7 0, v0x2908d40_0;
v0x29064d0_0 .alias "in1", 7 0, v0x29088d0_0;
v0x29065a0_0 .alias "op", 3 0, v0x2908950_0;
v0x2906620_0 .var "out", 7 0;
v0x29066f0_0 .var "zf", 0 0;
E_0x29063b0 .event edge, v0x29065a0_0, v0x2904d40_0, v0x2901ad0_0;
S_0x2905170 .scope module, "register" "register" 4 25, 9 3, S_0x28d1a90;
 .timescale 0 0;
L_0x2909af0 .functor BUFZ 8, L_0x2909f40, C4<00000000>, C4<00000000>, C4<00000000>;
L_0x290a080 .functor BUFZ 8, L_0x2909fe0, C4<00000000>, C4<00000000>, C4<00000000>;
v0x2905260_0 .net *"_s0", 7 0, L_0x2909f40; 1 drivers
v0x2905320_0 .net *"_s4", 7 0, L_0x2909fe0; 1 drivers
v0x29053c0_0 .alias "clk", 0 0, v0x2908aa0_0;
v0x2905440_0 .alias "data", 7 0, v0x2908c30_0;
v0x29054f0_0 .alias "data0", 7 0, v0x2909600_0;
v0x29055a0_0 .alias "data1", 7 0, v0x29088d0_0;
v0x2905620_0 .alias "dst", 3 0, v0x2908e10_0;
v0x29056a0_0 .var/i "i", 31 0;
v0x2905770 .array "regis", 0 15, 7 0;
v0x29057f0_0 .alias "rst", 0 0, v0x29097f0_0;
v0x2905900_0 .alias "src0", 3 0, v0x2909a20_0;
v0x2905980_0 .alias "src1", 3 0, v0x2909b60_0;
v0x2905a70_0 .alias "we", 0 0, v0x29096d0_0;
L_0x2909f40 .array/port v0x2905770, v0x2907880_0;
L_0x2909fe0 .array/port v0x2905770, v0x2907930_0;
S_0x2904e90 .scope module, "zf1" "zf" 4 26, 10 3, S_0x28d1a90;
 .timescale 0 0;
v0x2904f80_0 .alias "clk", 0 0, v0x2908aa0_0;
v0x2905050_0 .var "lastzf", 0 0;
v0x29050d0_0 .alias "zf_in", 0 0, v0x2909be0_0;
S_0x2904ac0 .scope module, "selector1" "selector" 4 27, 11 1, S_0x28d1a90;
 .timescale 0 0;
v0x2904be0_0 .alias "in0", 7 0, v0x2908bb0_0;
v0x2904ca0_0 .alias "in1", 7 0, v0x2909600_0;
v0x2904d40_0 .var "out", 7 0;
v0x2904de0_0 .alias "sel", 0 0, v0x2909870_0;
E_0x2904bb0 .event edge, v0x2904de0_0, v0x2904ca0_0, v0x2904be0_0;
S_0x2904590 .scope module, "selector2" "selector" 4 28, 11 1, S_0x28d1a90;
 .timescale 0 0;
v0x2904860_0 .alias "in0", 7 0, v0x2908a20_0;
v0x29048e0_0 .alias "in1", 7 0, v0x2909090_0;
v0x2904990_0 .var "out", 7 0;
v0x2904a10_0 .alias "sel", 0 0, v0x29099a0_0;
E_0x2904680 .event edge, v0x2904a10_0, v0x2901cb0_0, v0x2901c10_0;
S_0x28a04a0 .scope module, "memory" "memory" 4 29, 12 1, S_0x28d1a90;
 .timescale 0 0;
P_0x28eb668 .param/l "A" 13 2, C4<01100001>;
P_0x28eb690 .param/l "B" 13 3, C4<01100010>;
P_0x28eb6b8 .param/l "C" 13 4, C4<01100011>;
P_0x28eb6e0 .param/l "COMMA" 13 29, C4<00101100>;
P_0x28eb708 .param/l "D" 13 5, C4<01100100>;
P_0x28eb730 .param/l "E" 13 6, C4<01100101>;
P_0x28eb758 .param/l "F" 13 7, C4<01100110>;
P_0x28eb780 .param/l "G" 13 8, C4<01100111>;
P_0x28eb7a8 .param/l "H" 13 9, C4<01101000>;
P_0x28eb7d0 .param/l "I" 13 10, C4<01101001>;
P_0x28eb7f8 .param/l "J" 13 11, C4<01101010>;
P_0x28eb820 .param/l "K" 13 12, C4<01101011>;
P_0x28eb848 .param/l "L" 13 13, C4<01101100>;
P_0x28eb870 .param/l "M" 13 14, C4<01101101>;
P_0x28eb898 .param/l "N" 13 15, C4<01101110>;
P_0x28eb8c0 .param/l "O" 13 16, C4<01101111>;
P_0x28eb8e8 .param/l "P" 13 17, C4<01110000>;
P_0x28eb910 .param/l "Q" 13 18, C4<01110001>;
P_0x28eb938 .param/l "R" 13 19, C4<01110010>;
P_0x28eb960 .param/l "S" 13 20, C4<01110011>;
P_0x28eb988 .param/l "T" 13 21, C4<01110100>;
P_0x28eb9b0 .param/l "TILDE" 13 31, C4<00000000>;
P_0x28eb9d8 .param/l "U" 13 22, C4<01110101>;
P_0x28eba00 .param/l "V" 13 23, C4<01110110>;
P_0x28eba28 .param/l "W" 13 24, C4<01110111>;
P_0x28eba50 .param/l "X" 13 25, C4<01111000>;
P_0x28eba78 .param/l "Y" 13 26, C4<01111001>;
P_0x28ebaa0 .param/l "Z" 13 27, C4<01111010>;
L_0x290a210 .functor BUFZ 8, L_0x290a170, C4<00000000>, C4<00000000>, C4<00000000>;
v0x28901a0_0 .net *"_s0", 7 0, L_0x290a170; 1 drivers
v0x2901ad0_0 .alias "addr", 7 0, v0x29088d0_0;
v0x2901b70_0 .alias "clk", 0 0, v0x2908aa0_0;
v0x2901c10_0 .alias "di", 7 0, v0x2908a20_0;
v0x2901cb0_0 .alias "do", 7 0, v0x2909090_0;
v0x2901d50_0 .alias "rst", 0 0, v0x29097f0_0;
v0x2901e30 .array "seg", 0 127, 7 0;
v0x2901e30_0 .array/port v0x2901e30, 0;
v0x29032a0_0 .net "seg0", 7 0, v0x2901e30_0; 1 drivers
v0x2901e30_1 .array/port v0x2901e30, 1;
v0x2903390_0 .net "seg1", 7 0, v0x2901e30_1; 1 drivers
v0x2901e30_10 .array/port v0x2901e30, 10;
v0x2903430_0 .net "seg10", 7 0, v0x2901e30_10; 1 drivers
v0x2901e30_11 .array/port v0x2901e30, 11;
v0x2903530_0 .net "seg11", 7 0, v0x2901e30_11; 1 drivers
v0x2901e30_12 .array/port v0x2901e30, 12;
v0x29035d0_0 .net "seg12", 7 0, v0x2901e30_12; 1 drivers
v0x2901e30_13 .array/port v0x2901e30, 13;
v0x29036c0_0 .net "seg13", 7 0, v0x2901e30_13; 1 drivers
v0x2901e30_14 .array/port v0x2901e30, 14;
v0x2903740_0 .net "seg14", 7 0, v0x2901e30_14; 1 drivers
v0x2901e30_15 .array/port v0x2901e30, 15;
v0x2903840_0 .net "seg15", 7 0, v0x2901e30_15; 1 drivers
v0x2901e30_16 .array/port v0x2901e30, 16;
v0x29038c0_0 .net "seg16", 7 0, v0x2901e30_16; 1 drivers
v0x2901e30_17 .array/port v0x2901e30, 17;
v0x29037c0_0 .net "seg17", 7 0, v0x2901e30_17; 1 drivers
v0x2901e30_18 .array/port v0x2901e30, 18;
v0x29039d0_0 .net "seg18", 7 0, v0x2901e30_18; 1 drivers
v0x2901e30_19 .array/port v0x2901e30, 19;
v0x2903af0_0 .net "seg19", 7 0, v0x2901e30_19; 1 drivers
v0x2901e30_2 .array/port v0x2901e30, 2;
v0x2903b70_0 .net "seg2", 7 0, v0x2901e30_2; 1 drivers
v0x2901e30_20 .array/port v0x2901e30, 20;
v0x2903a50_0 .net "seg20", 7 0, v0x2901e30_20; 1 drivers
v0x2901e30_21 .array/port v0x2901e30, 21;
v0x2903ca0_0 .net "seg21", 7 0, v0x2901e30_21; 1 drivers
v0x2901e30_22 .array/port v0x2901e30, 22;
v0x2903bf0_0 .net "seg22", 7 0, v0x2901e30_22; 1 drivers
v0x2901e30_23 .array/port v0x2901e30, 23;
v0x2903de0_0 .net "seg23", 7 0, v0x2901e30_23; 1 drivers
v0x2901e30_24 .array/port v0x2901e30, 24;
v0x2903d40_0 .net "seg24", 7 0, v0x2901e30_24; 1 drivers
v0x2901e30_25 .array/port v0x2901e30, 25;
v0x2903f30_0 .net "seg25", 7 0, v0x2901e30_25; 1 drivers
v0x2901e30_26 .array/port v0x2901e30, 26;
v0x2903e80_0 .net "seg26", 7 0, v0x2901e30_26; 1 drivers
v0x2901e30_27 .array/port v0x2901e30, 27;
v0x2904090_0 .net "seg27", 7 0, v0x2901e30_27; 1 drivers
v0x2901e30_3 .array/port v0x2901e30, 3;
v0x2903fd0_0 .net "seg3", 7 0, v0x2901e30_3; 1 drivers
v0x2901e30_4 .array/port v0x2901e30, 4;
v0x2904200_0 .net "seg4", 7 0, v0x2901e30_4; 1 drivers
v0x2901e30_5 .array/port v0x2901e30, 5;
v0x2904110_0 .net "seg5", 7 0, v0x2901e30_5; 1 drivers
v0x2901e30_6 .array/port v0x2901e30, 6;
v0x2904380_0 .net "seg6", 7 0, v0x2901e30_6; 1 drivers
v0x2901e30_7 .array/port v0x2901e30, 7;
v0x2904280_0 .net "seg7", 7 0, v0x2901e30_7; 1 drivers
v0x2901e30_8 .array/port v0x2901e30, 8;
v0x2904510_0 .net "seg8", 7 0, v0x2901e30_8; 1 drivers
v0x2901e30_9 .array/port v0x2901e30, 9;
v0x2904400_0 .net "seg9", 7 0, v0x2901e30_9; 1 drivers
v0x29046b0_0 .alias "we", 0 0, v0x2909160_0;
E_0x28a3530 .event posedge, v0x2901b70_0;
L_0x290a170 .array/port v0x2901e30, L_0x290a080;
    .scope S_0x2908460;
T_0 ;
    %wait E_0x28a3530;
    %load/v 8, v0x2908750_0, 1;
    %jmp/0xz  T_0.0, 8;
    %ix/load 0, 7, 0;
    %assign/v0 v0x29086a0_0, 0, 0;
    %jmp T_0.1;
T_0.0 ;
    %load/v 8, v0x2908850_0, 1;
    %jmp/0xz  T_0.2, 8;
    %load/v 8, v0x29085f0_0, 7;
    %ix/load 0, 7, 0;
    %assign/v0 v0x29086a0_0, 0, 8;
    %jmp T_0.3;
T_0.2 ;
    %load/v 8, v0x29086a0_0, 7;
    %mov 15, 0, 25;
    %addi 8, 1, 32;
    %ix/load 0, 7, 0;
    %assign/v0 v0x29086a0_0, 0, 8;
T_0.3 ;
T_0.1 ;
    %jmp T_0;
    .thread T_0;
    .scope S_0x2907aa0;
T_1 ;
    %wait E_0x29082c0;
    %load/v 8, v0x29083e0_0, 7;
    %cmpi/u 8, 0, 7;
    %jmp/1 T_1.0, 6;
    %cmpi/u 8, 1, 7;
    %jmp/1 T_1.1, 6;
    %cmpi/u 8, 2, 7;
    %jmp/1 T_1.2, 6;
    %cmpi/u 8, 3, 7;
    %jmp/1 T_1.3, 6;
    %cmpi/u 8, 4, 7;
    %jmp/1 T_1.4, 6;
    %cmpi/u 8, 5, 7;
    %jmp/1 T_1.5, 6;
    %cmpi/u 8, 6, 7;
    %jmp/1 T_1.6, 6;
    %cmpi/u 8, 7, 7;
    %jmp/1 T_1.7, 6;
    %cmpi/u 8, 8, 7;
    %jmp/1 T_1.8, 6;
    %cmpi/u 8, 9, 7;
    %jmp/1 T_1.9, 6;
    %cmpi/u 8, 10, 7;
    %jmp/1 T_1.10, 6;
    %cmpi/u 8, 11, 7;
    %jmp/1 T_1.11, 6;
    %cmpi/u 8, 12, 7;
    %jmp/1 T_1.12, 6;
    %cmpi/u 8, 13, 7;
    %jmp/1 T_1.13, 6;
    %cmpi/u 8, 14, 7;
    %jmp/1 T_1.14, 6;
    %cmpi/u 8, 15, 7;
    %jmp/1 T_1.15, 6;
    %cmpi/u 8, 16, 7;
    %jmp/1 T_1.16, 6;
    %cmpi/u 8, 17, 7;
    %jmp/1 T_1.17, 6;
    %cmpi/u 8, 18, 7;
    %jmp/1 T_1.18, 6;
    %cmpi/u 8, 19, 7;
    %jmp/1 T_1.19, 6;
    %cmpi/u 8, 20, 7;
    %jmp/1 T_1.20, 6;
    %cmpi/u 8, 21, 7;
    %jmp/1 T_1.21, 6;
    %cmpi/u 8, 22, 7;
    %jmp/1 T_1.22, 6;
    %cmpi/u 8, 23, 7;
    %jmp/1 T_1.23, 6;
    %cmpi/u 8, 24, 7;
    %jmp/1 T_1.24, 6;
    %cmpi/u 8, 25, 7;
    %jmp/1 T_1.25, 6;
    %cmpi/u 8, 26, 7;
    %jmp/1 T_1.26, 6;
    %cmpi/u 8, 27, 7;
    %jmp/1 T_1.27, 6;
    %cmpi/u 8, 28, 7;
    %jmp/1 T_1.28, 6;
    %cmpi/u 8, 29, 7;
    %jmp/1 T_1.29, 6;
    %cmpi/u 8, 30, 7;
    %jmp/1 T_1.30, 6;
    %cmpi/u 8, 31, 7;
    %jmp/1 T_1.31, 6;
    %cmpi/u 8, 32, 7;
    %jmp/1 T_1.32, 6;
    %cmpi/u 8, 33, 7;
    %jmp/1 T_1.33, 6;
    %cmpi/u 8, 34, 7;
    %jmp/1 T_1.34, 6;
    %cmpi/u 8, 35, 7;
    %jmp/1 T_1.35, 6;
    %cmpi/u 8, 36, 7;
    %jmp/1 T_1.36, 6;
    %cmpi/u 8, 37, 7;
    %jmp/1 T_1.37, 6;
    %cmpi/u 8, 38, 7;
    %jmp/1 T_1.38, 6;
    %cmpi/u 8, 39, 7;
    %jmp/1 T_1.39, 6;
    %cmpi/u 8, 40, 7;
    %jmp/1 T_1.40, 6;
    %cmpi/u 8, 41, 7;
    %jmp/1 T_1.41, 6;
    %cmpi/u 8, 42, 7;
    %jmp/1 T_1.42, 6;
    %cmpi/u 8, 43, 7;
    %jmp/1 T_1.43, 6;
    %cmpi/u 8, 44, 7;
    %jmp/1 T_1.44, 6;
    %cmpi/u 8, 45, 7;
    %jmp/1 T_1.45, 6;
    %cmpi/u 8, 46, 7;
    %jmp/1 T_1.46, 6;
    %cmpi/u 8, 47, 7;
    %jmp/1 T_1.47, 6;
    %cmpi/u 8, 48, 7;
    %jmp/1 T_1.48, 6;
    %cmpi/u 8, 49, 7;
    %jmp/1 T_1.49, 6;
    %cmpi/u 8, 50, 7;
    %jmp/1 T_1.50, 6;
    %cmpi/u 8, 51, 7;
    %jmp/1 T_1.51, 6;
    %cmpi/u 8, 52, 7;
    %jmp/1 T_1.52, 6;
    %cmpi/u 8, 53, 7;
    %jmp/1 T_1.53, 6;
    %cmpi/u 8, 54, 7;
    %jmp/1 T_1.54, 6;
    %cmpi/u 8, 55, 7;
    %jmp/1 T_1.55, 6;
    %cmpi/u 8, 56, 7;
    %jmp/1 T_1.56, 6;
    %cmpi/u 8, 57, 7;
    %jmp/1 T_1.57, 6;
    %cmpi/u 8, 58, 7;
    %jmp/1 T_1.58, 6;
    %cmpi/u 8, 59, 7;
    %jmp/1 T_1.59, 6;
    %cmpi/u 8, 60, 7;
    %jmp/1 T_1.60, 6;
    %cmpi/u 8, 61, 7;
    %jmp/1 T_1.61, 6;
    %cmpi/u 8, 62, 7;
    %jmp/1 T_1.62, 6;
    %cmpi/u 8, 63, 7;
    %jmp/1 T_1.63, 6;
    %cmpi/u 8, 64, 7;
    %jmp/1 T_1.64, 6;
    %cmpi/u 8, 65, 7;
    %jmp/1 T_1.65, 6;
    %cmpi/u 8, 66, 7;
    %jmp/1 T_1.66, 6;
    %cmpi/u 8, 67, 7;
    %jmp/1 T_1.67, 6;
    %cmpi/u 8, 68, 7;
    %jmp/1 T_1.68, 6;
    %cmpi/u 8, 69, 7;
    %jmp/1 T_1.69, 6;
    %cmpi/u 8, 70, 7;
    %jmp/1 T_1.70, 6;
    %cmpi/u 8, 71, 7;
    %jmp/1 T_1.71, 6;
    %cmpi/u 8, 72, 7;
    %jmp/1 T_1.72, 6;
    %cmpi/u 8, 73, 7;
    %jmp/1 T_1.73, 6;
    %cmpi/u 8, 74, 7;
    %jmp/1 T_1.74, 6;
    %cmpi/u 8, 75, 7;
    %jmp/1 T_1.75, 6;
    %cmpi/u 8, 76, 7;
    %jmp/1 T_1.76, 6;
    %cmpi/u 8, 77, 7;
    %jmp/1 T_1.77, 6;
    %cmpi/u 8, 78, 7;
    %jmp/1 T_1.78, 6;
    %cmpi/u 8, 79, 7;
    %jmp/1 T_1.79, 6;
    %cmpi/u 8, 80, 7;
    %jmp/1 T_1.80, 6;
    %cmpi/u 8, 81, 7;
    %jmp/1 T_1.81, 6;
    %cmpi/u 8, 82, 7;
    %jmp/1 T_1.82, 6;
    %cmpi/u 8, 83, 7;
    %jmp/1 T_1.83, 6;
    %cmpi/u 8, 84, 7;
    %jmp/1 T_1.84, 6;
    %cmpi/u 8, 85, 7;
    %jmp/1 T_1.85, 6;
    %cmpi/u 8, 86, 7;
    %jmp/1 T_1.86, 6;
    %cmpi/u 8, 87, 7;
    %jmp/1 T_1.87, 6;
    %cmpi/u 8, 88, 7;
    %jmp/1 T_1.88, 6;
    %cmpi/u 8, 89, 7;
    %jmp/1 T_1.89, 6;
    %cmpi/u 8, 90, 7;
    %jmp/1 T_1.90, 6;
    %cmpi/u 8, 91, 7;
    %jmp/1 T_1.91, 6;
    %cmpi/u 8, 92, 7;
    %jmp/1 T_1.92, 6;
    %cmpi/u 8, 93, 7;
    %jmp/1 T_1.93, 6;
    %cmpi/u 8, 94, 7;
    %jmp/1 T_1.94, 6;
    %cmpi/u 8, 95, 7;
    %jmp/1 T_1.95, 6;
    %cmpi/u 8, 96, 7;
    %jmp/1 T_1.96, 6;
    %cmpi/u 8, 97, 7;
    %jmp/1 T_1.97, 6;
    %cmpi/u 8, 98, 7;
    %jmp/1 T_1.98, 6;
    %cmpi/u 8, 99, 7;
    %jmp/1 T_1.99, 6;
    %cmpi/u 8, 100, 7;
    %jmp/1 T_1.100, 6;
    %jmp T_1.101;
T_1.0 ;
    %movi 8, 3, 4;
    %ix/load 0, 4, 0;
    %ix/load 1, 12, 0;
    %assign/v0/x1 v0x2908310_0, 0, 8;
    %ix/load 0, 8, 0;
    %ix/load 1, 4, 0;
    %assign/v0/x1 v0x2908310_0, 0, 0;
    %movi 8, 14, 4;
    %ix/load 0, 4, 0;
    %ix/load 1, 0, 0;
    %assign/v0/x1 v0x2908310_0, 0, 8;
    %jmp T_1.101;
T_1.1 ;
    %movi 8, 3, 4;
    %ix/load 0, 4, 0;
    %ix/load 1, 12, 0;
    %assign/v0/x1 v0x2908310_0, 0, 8;
    %movi 8, 10, 8;
    %ix/load 0, 8, 0;
    %ix/load 1, 4, 0;
    %assign/v0/x1 v0x2908310_0, 0, 8;
    %movi 8, 12, 4;
    %ix/load 0, 4, 0;
    %ix/load 1, 0, 0;
    %assign/v0/x1 v0x2908310_0, 0, 8;
    %jmp T_1.101;
T_1.2 ;
    %movi 8, 3, 4;
    %ix/load 0, 4, 0;
    %ix/load 1, 12, 0;
    %assign/v0/x1 v0x2908310_0, 0, 8;
    %ix/load 0, 8, 0;
    %ix/load 1, 4, 0;
    %assign/v0/x1 v0x2908310_0, 0, 0;
    %movi 8, 1, 4;
    %ix/load 0, 4, 0;
    %ix/load 1, 0, 0;
    %assign/v0/x1 v0x2908310_0, 0, 8;
    %jmp T_1.101;
T_1.3 ;
    %ix/load 0, 4, 0;
    %ix/load 1, 12, 0;
    %assign/v0/x1 v0x2908310_0, 0, 0;
    %movi 8, 1, 4;
    %ix/load 0, 4, 0;
    %ix/load 1, 4, 0;
    %assign/v0/x1 v0x2908310_0, 0, 8;
    %movi 8, 1, 4;
    %ix/load 0, 4, 0;
    %ix/load 1, 0, 0;
    %assign/v0/x1 v0x2908310_0, 0, 8;
    %jmp T_1.101;
T_1.4 ;
    %movi 8, 12, 4;
    %ix/load 0, 4, 0;
    %ix/load 1, 12, 0;
    %assign/v0/x1 v0x2908310_0, 0, 8;
    %movi 8, 8, 8;
    %ix/load 0, 8, 0;
    %ix/load 1, 4, 0;
    %assign/v0/x1 v0x2908310_0, 0, 8;
    %movi 8, 1, 4;
    %ix/load 0, 4, 0;
    %ix/load 1, 0, 0;
    %assign/v0/x1 v0x2908310_0, 0, 8;
    %jmp T_1.101;
T_1.5 ;
    %movi 8, 2, 4;
    %ix/load 0, 4, 0;
    %ix/load 1, 12, 0;
    %assign/v0/x1 v0x2908310_0, 0, 8;
    %movi 8, 100, 7;
    %ix/load 0, 7, 0;
    %ix/load 1, 0, 0;
    %assign/v0/x1 v0x2908310_0, 0, 8;
    %jmp T_1.101;
T_1.6 ;
    %movi 8, 3, 4;
    %ix/load 0, 4, 0;
    %ix/load 1, 12, 0;
    %assign/v0/x1 v0x2908310_0, 0, 8;
    %ix/load 0, 8, 0;
    %ix/load 1, 4, 0;
    %assign/v0/x1 v0x2908310_0, 0, 0;
    %movi 8, 2, 4;
    %ix/load 0, 4, 0;
    %ix/load 1, 0, 0;
    %assign/v0/x1 v0x2908310_0, 0, 8;
    %jmp T_1.101;
T_1.7 ;
    %ix/load 0, 4, 0;
    %ix/load 1, 12, 0;
    %assign/v0/x1 v0x2908310_0, 0, 0;
    %movi 8, 2, 4;
    %ix/load 0, 4, 0;
    %ix/load 1, 4, 0;
    %assign/v0/x1 v0x2908310_0, 0, 8;
    %movi 8, 2, 4;
    %ix/load 0, 4, 0;
    %ix/load 1, 0, 0;
    %assign/v0/x1 v0x2908310_0, 0, 8;
    %jmp T_1.101;
T_1.8 ;
    %movi 8, 12, 4;
    %ix/load 0, 4, 0;
    %ix/load 1, 12, 0;
    %assign/v0/x1 v0x2908310_0, 0, 8;
    %movi 8, 8, 8;
    %ix/load 0, 8, 0;
    %ix/load 1, 4, 0;
    %assign/v0/x1 v0x2908310_0, 0, 8;
    %movi 8, 2, 4;
    %ix/load 0, 4, 0;
    %ix/load 1, 0, 0;
    %assign/v0/x1 v0x2908310_0, 0, 8;
    %jmp T_1.101;
T_1.9 ;
    %movi 8, 2, 4;
    %ix/load 0, 4, 0;
    %ix/load 1, 12, 0;
    %assign/v0/x1 v0x2908310_0, 0, 8;
    %movi 8, 3, 7;
    %ix/load 0, 7, 0;
    %ix/load 1, 0, 0;
    %assign/v0/x1 v0x2908310_0, 0, 8;
    %jmp T_1.101;
T_1.10 ;
    %movi 8, 5, 4;
    %ix/load 0, 4, 0;
    %ix/load 1, 12, 0;
    %assign/v0/x1 v0x2908310_0, 0, 8;
    %movi 8, 1, 4;
    %ix/load 0, 4, 0;
    %ix/load 1, 4, 0;
    %assign/v0/x1 v0x2908310_0, 0, 8;
    %movi 8, 2, 4;
    %ix/load 0, 4, 0;
    %ix/load 1, 0, 0;
    %assign/v0/x1 v0x2908310_0, 0, 8;
    %jmp T_1.101;
T_1.11 ;
    %movi 8, 2, 4;
    %ix/load 0, 4, 0;
    %ix/load 1, 12, 0;
    %assign/v0/x1 v0x2908310_0, 0, 8;
    %movi 8, 13, 7;
    %ix/load 0, 7, 0;
    %ix/load 1, 0, 0;
    %assign/v0/x1 v0x2908310_0, 0, 8;
    %jmp T_1.101;
T_1.12 ;
    %movi 8, 1, 4;
    %ix/load 0, 4, 0;
    %ix/load 1, 12, 0;
    %assign/v0/x1 v0x2908310_0, 0, 8;
    %movi 8, 7, 7;
    %ix/load 0, 7, 0;
    %ix/load 1, 0, 0;
    %assign/v0/x1 v0x2908310_0, 0, 8;
    %jmp T_1.101;
T_1.13 ;
    %movi 8, 3, 4;
    %ix/load 0, 4, 0;
    %ix/load 1, 12, 0;
    %assign/v0/x1 v0x2908310_0, 0, 8;
    %ix/load 0, 8, 0;
    %ix/load 1, 4, 0;
    %assign/v0/x1 v0x2908310_0, 0, 0;
    %movi 8, 3, 4;
    %ix/load 0, 4, 0;
    %ix/load 1, 0, 0;
    %assign/v0/x1 v0x2908310_0, 0, 8;
    %jmp T_1.101;
T_1.14 ;
    %ix/load 0, 4, 0;
    %ix/load 1, 12, 0;
    %assign/v0/x1 v0x2908310_0, 0, 0;
    %movi 8, 3, 4;
    %ix/load 0, 4, 0;
    %ix/load 1, 4, 0;
    %assign/v0/x1 v0x2908310_0, 0, 8;
    %movi 8, 3, 4;
    %ix/load 0, 4, 0;
    %ix/load 1, 0, 0;
    %assign/v0/x1 v0x2908310_0, 0, 8;
    %jmp T_1.101;
T_1.15 ;
    %movi 8, 12, 4;
    %ix/load 0, 4, 0;
    %ix/load 1, 12, 0;
    %assign/v0/x1 v0x2908310_0, 0, 8;
    %movi 8, 8, 8;
    %ix/load 0, 8, 0;
    %ix/load 1, 4, 0;
    %assign/v0/x1 v0x2908310_0, 0, 8;
    %movi 8, 3, 4;
    %ix/load 0, 4, 0;
    %ix/load 1, 0, 0;
    %assign/v0/x1 v0x2908310_0, 0, 8;
    %jmp T_1.101;
T_1.16 ;
    %movi 8, 2, 4;
    %ix/load 0, 4, 0;
    %ix/load 1, 12, 0;
    %assign/v0/x1 v0x2908310_0, 0, 8;
    %movi 8, 7, 7;
    %ix/load 0, 7, 0;
    %ix/load 1, 0, 0;
    %assign/v0/x1 v0x2908310_0, 0, 8;
    %jmp T_1.101;
T_1.17 ;
    %movi 8, 6, 4;
    %ix/load 0, 4, 0;
    %ix/load 1, 12, 0;
    %assign/v0/x1 v0x2908310_0, 0, 8;
    %movi 8, 1, 4;
    %ix/load 0, 4, 0;
    %ix/load 1, 4, 0;
    %assign/v0/x1 v0x2908310_0, 0, 8;
    %movi 8, 3, 4;
    %ix/load 0, 4, 0;
    %ix/load 1, 0, 0;
    %assign/v0/x1 v0x2908310_0, 0, 8;
    %jmp T_1.101;
T_1.18 ;
    %movi 8, 2, 4;
    %ix/load 0, 4, 0;
    %ix/load 1, 12, 0;
    %assign/v0/x1 v0x2908310_0, 0, 8;
    %movi 8, 14, 7;
    %ix/load 0, 7, 0;
    %ix/load 1, 0, 0;
    %assign/v0/x1 v0x2908310_0, 0, 8;
    %jmp T_1.101;
T_1.19 ;
    %movi 8, 5, 4;
    %ix/load 0, 4, 0;
    %ix/load 1, 12, 0;
    %assign/v0/x1 v0x2908310_0, 0, 8;
    %movi 8, 2, 4;
    %ix/load 0, 4, 0;
    %ix/load 1, 4, 0;
    %assign/v0/x1 v0x2908310_0, 0, 8;
    %movi 8, 3, 4;
    %ix/load 0, 4, 0;
    %ix/load 1, 0, 0;
    %assign/v0/x1 v0x2908310_0, 0, 8;
    %jmp T_1.101;
T_1.20 ;
    %movi 8, 2, 4;
    %ix/load 0, 4, 0;
    %ix/load 1, 12, 0;
    %assign/v0/x1 v0x2908310_0, 0, 8;
    %movi 8, 22, 7;
    %ix/load 0, 7, 0;
    %ix/load 1, 0, 0;
    %assign/v0/x1 v0x2908310_0, 0, 8;
    %jmp T_1.101;
T_1.21 ;
    %movi 8, 1, 4;
    %ix/load 0, 4, 0;
    %ix/load 1, 12, 0;
    %assign/v0/x1 v0x2908310_0, 0, 8;
    %movi 8, 14, 7;
    %ix/load 0, 7, 0;
    %ix/load 1, 0, 0;
    %assign/v0/x1 v0x2908310_0, 0, 8;
    %jmp T_1.101;
T_1.22 ;
    %movi 8, 3, 4;
    %ix/load 0, 4, 0;
    %ix/load 1, 12, 0;
    %assign/v0/x1 v0x2908310_0, 0, 8;
    %ix/load 0, 8, 0;
    %ix/load 1, 4, 0;
    %assign/v0/x1 v0x2908310_0, 0, 0;
    %movi 8, 4, 4;
    %ix/load 0, 4, 0;
    %ix/load 1, 0, 0;
    %assign/v0/x1 v0x2908310_0, 0, 8;
    %jmp T_1.101;
T_1.23 ;
    %ix/load 0, 4, 0;
    %ix/load 1, 12, 0;
    %assign/v0/x1 v0x2908310_0, 0, 0;
    %movi 8, 4, 4;
    %ix/load 0, 4, 0;
    %ix/load 1, 4, 0;
    %assign/v0/x1 v0x2908310_0, 0, 8;
    %movi 8, 4, 4;
    %ix/load 0, 4, 0;
    %ix/load 1, 0, 0;
    %assign/v0/x1 v0x2908310_0, 0, 8;
    %jmp T_1.101;
T_1.24 ;
    %movi 8, 12, 4;
    %ix/load 0, 4, 0;
    %ix/load 1, 12, 0;
    %assign/v0/x1 v0x2908310_0, 0, 8;
    %movi 8, 8, 8;
    %ix/load 0, 8, 0;
    %ix/load 1, 4, 0;
    %assign/v0/x1 v0x2908310_0, 0, 8;
    %movi 8, 4, 4;
    %ix/load 0, 4, 0;
    %ix/load 1, 0, 0;
    %assign/v0/x1 v0x2908310_0, 0, 8;
    %jmp T_1.101;
T_1.25 ;
    %movi 8, 2, 4;
    %ix/load 0, 4, 0;
    %ix/load 1, 12, 0;
    %assign/v0/x1 v0x2908310_0, 0, 8;
    %movi 8, 14, 7;
    %ix/load 0, 7, 0;
    %ix/load 1, 0, 0;
    %assign/v0/x1 v0x2908310_0, 0, 8;
    %jmp T_1.101;
T_1.26 ;
    %movi 8, 7, 4;
    %ix/load 0, 4, 0;
    %ix/load 1, 12, 0;
    %assign/v0/x1 v0x2908310_0, 0, 8;
    %movi 8, 1, 4;
    %ix/load 0, 4, 0;
    %ix/load 1, 4, 0;
    %assign/v0/x1 v0x2908310_0, 0, 8;
    %movi 8, 4, 4;
    %ix/load 0, 4, 0;
    %ix/load 1, 0, 0;
    %assign/v0/x1 v0x2908310_0, 0, 8;
    %jmp T_1.101;
T_1.27 ;
    %movi 8, 2, 4;
    %ix/load 0, 4, 0;
    %ix/load 1, 12, 0;
    %assign/v0/x1 v0x2908310_0, 0, 8;
    %movi 8, 23, 7;
    %ix/load 0, 7, 0;
    %ix/load 1, 0, 0;
    %assign/v0/x1 v0x2908310_0, 0, 8;
    %jmp T_1.101;
T_1.28 ;
    %movi 8, 6, 4;
    %ix/load 0, 4, 0;
    %ix/load 1, 12, 0;
    %assign/v0/x1 v0x2908310_0, 0, 8;
    %movi 8, 2, 4;
    %ix/load 0, 4, 0;
    %ix/load 1, 4, 0;
    %assign/v0/x1 v0x2908310_0, 0, 8;
    %movi 8, 4, 4;
    %ix/load 0, 4, 0;
    %ix/load 1, 0, 0;
    %assign/v0/x1 v0x2908310_0, 0, 8;
    %jmp T_1.101;
T_1.29 ;
    %movi 8, 2, 4;
    %ix/load 0, 4, 0;
    %ix/load 1, 12, 0;
    %assign/v0/x1 v0x2908310_0, 0, 8;
    %movi 8, 23, 7;
    %ix/load 0, 7, 0;
    %ix/load 1, 0, 0;
    %assign/v0/x1 v0x2908310_0, 0, 8;
    %jmp T_1.101;
T_1.30 ;
    %movi 8, 5, 4;
    %ix/load 0, 4, 0;
    %ix/load 1, 12, 0;
    %assign/v0/x1 v0x2908310_0, 0, 8;
    %movi 8, 3, 4;
    %ix/load 0, 4, 0;
    %ix/load 1, 4, 0;
    %assign/v0/x1 v0x2908310_0, 0, 8;
    %movi 8, 4, 4;
    %ix/load 0, 4, 0;
    %ix/load 1, 0, 0;
    %assign/v0/x1 v0x2908310_0, 0, 8;
    %jmp T_1.101;
T_1.31 ;
    %movi 8, 2, 4;
    %ix/load 0, 4, 0;
    %ix/load 1, 12, 0;
    %assign/v0/x1 v0x2908310_0, 0, 8;
    %movi 8, 33, 7;
    %ix/load 0, 7, 0;
    %ix/load 1, 0, 0;
    %assign/v0/x1 v0x2908310_0, 0, 8;
    %jmp T_1.101;
T_1.32 ;
    %movi 8, 1, 4;
    %ix/load 0, 4, 0;
    %ix/load 1, 12, 0;
    %assign/v0/x1 v0x2908310_0, 0, 8;
    %movi 8, 23, 7;
    %ix/load 0, 7, 0;
    %ix/load 1, 0, 0;
    %assign/v0/x1 v0x2908310_0, 0, 8;
    %jmp T_1.101;
T_1.33 ;
    %movi 8, 3, 4;
    %ix/load 0, 4, 0;
    %ix/load 1, 12, 0;
    %assign/v0/x1 v0x2908310_0, 0, 8;
    %ix/load 0, 8, 0;
    %ix/load 1, 4, 0;
    %assign/v0/x1 v0x2908310_0, 0, 0;
    %movi 8, 5, 4;
    %ix/load 0, 4, 0;
    %ix/load 1, 0, 0;
    %assign/v0/x1 v0x2908310_0, 0, 8;
    %jmp T_1.101;
T_1.34 ;
    %ix/load 0, 4, 0;
    %ix/load 1, 12, 0;
    %assign/v0/x1 v0x2908310_0, 0, 0;
    %movi 8, 5, 4;
    %ix/load 0, 4, 0;
    %ix/load 1, 4, 0;
    %assign/v0/x1 v0x2908310_0, 0, 8;
    %movi 8, 5, 4;
    %ix/load 0, 4, 0;
    %ix/load 1, 0, 0;
    %assign/v0/x1 v0x2908310_0, 0, 8;
    %jmp T_1.101;
T_1.35 ;
    %movi 8, 12, 4;
    %ix/load 0, 4, 0;
    %ix/load 1, 12, 0;
    %assign/v0/x1 v0x2908310_0, 0, 8;
    %movi 8, 8, 8;
    %ix/load 0, 8, 0;
    %ix/load 1, 4, 0;
    %assign/v0/x1 v0x2908310_0, 0, 8;
    %movi 8, 5, 4;
    %ix/load 0, 4, 0;
    %ix/load 1, 0, 0;
    %assign/v0/x1 v0x2908310_0, 0, 8;
    %jmp T_1.101;
T_1.36 ;
    %movi 8, 2, 4;
    %ix/load 0, 4, 0;
    %ix/load 1, 12, 0;
    %assign/v0/x1 v0x2908310_0, 0, 8;
    %movi 8, 23, 7;
    %ix/load 0, 7, 0;
    %ix/load 1, 0, 0;
    %assign/v0/x1 v0x2908310_0, 0, 8;
    %jmp T_1.101;
T_1.37 ;
    %movi 8, 8, 4;
    %ix/load 0, 4, 0;
    %ix/load 1, 12, 0;
    %assign/v0/x1 v0x2908310_0, 0, 8;
    %movi 8, 1, 4;
    %ix/load 0, 4, 0;
    %ix/load 1, 4, 0;
    %assign/v0/x1 v0x2908310_0, 0, 8;
    %movi 8, 5, 4;
    %ix/load 0, 4, 0;
    %ix/load 1, 0, 0;
    %assign/v0/x1 v0x2908310_0, 0, 8;
    %jmp T_1.101;
T_1.38 ;
    %movi 8, 2, 4;
    %ix/load 0, 4, 0;
    %ix/load 1, 12, 0;
    %assign/v0/x1 v0x2908310_0, 0, 8;
    %movi 8, 34, 7;
    %ix/load 0, 7, 0;
    %ix/load 1, 0, 0;
    %assign/v0/x1 v0x2908310_0, 0, 8;
    %jmp T_1.101;
T_1.39 ;
    %movi 8, 7, 4;
    %ix/load 0, 4, 0;
    %ix/load 1, 12, 0;
    %assign/v0/x1 v0x2908310_0, 0, 8;
    %movi 8, 2, 4;
    %ix/load 0, 4, 0;
    %ix/load 1, 4, 0;
    %assign/v0/x1 v0x2908310_0, 0, 8;
    %movi 8, 5, 4;
    %ix/load 0, 4, 0;
    %ix/load 1, 0, 0;
    %assign/v0/x1 v0x2908310_0, 0, 8;
    %jmp T_1.101;
T_1.40 ;
    %movi 8, 2, 4;
    %ix/load 0, 4, 0;
    %ix/load 1, 12, 0;
    %assign/v0/x1 v0x2908310_0, 0, 8;
    %movi 8, 34, 7;
    %ix/load 0, 7, 0;
    %ix/load 1, 0, 0;
    %assign/v0/x1 v0x2908310_0, 0, 8;
    %jmp T_1.101;
T_1.41 ;
    %movi 8, 6, 4;
    %ix/load 0, 4, 0;
    %ix/load 1, 12, 0;
    %assign/v0/x1 v0x2908310_0, 0, 8;
    %movi 8, 3, 4;
    %ix/load 0, 4, 0;
    %ix/load 1, 4, 0;
    %assign/v0/x1 v0x2908310_0, 0, 8;
    %movi 8, 5, 4;
    %ix/load 0, 4, 0;
    %ix/load 1, 0, 0;
    %assign/v0/x1 v0x2908310_0, 0, 8;
    %jmp T_1.101;
T_1.42 ;
    %movi 8, 2, 4;
    %ix/load 0, 4, 0;
    %ix/load 1, 12, 0;
    %assign/v0/x1 v0x2908310_0, 0, 8;
    %movi 8, 34, 7;
    %ix/load 0, 7, 0;
    %ix/load 1, 0, 0;
    %assign/v0/x1 v0x2908310_0, 0, 8;
    %jmp T_1.101;
T_1.43 ;
    %movi 8, 5, 4;
    %ix/load 0, 4, 0;
    %ix/load 1, 12, 0;
    %assign/v0/x1 v0x2908310_0, 0, 8;
    %movi 8, 4, 4;
    %ix/load 0, 4, 0;
    %ix/load 1, 4, 0;
    %assign/v0/x1 v0x2908310_0, 0, 8;
    %movi 8, 5, 4;
    %ix/load 0, 4, 0;
    %ix/load 1, 0, 0;
    %assign/v0/x1 v0x2908310_0, 0, 8;
    %jmp T_1.101;
T_1.44 ;
    %movi 8, 2, 4;
    %ix/load 0, 4, 0;
    %ix/load 1, 12, 0;
    %assign/v0/x1 v0x2908310_0, 0, 8;
    %movi 8, 46, 7;
    %ix/load 0, 7, 0;
    %ix/load 1, 0, 0;
    %assign/v0/x1 v0x2908310_0, 0, 8;
    %jmp T_1.101;
T_1.45 ;
    %movi 8, 1, 4;
    %ix/load 0, 4, 0;
    %ix/load 1, 12, 0;
    %assign/v0/x1 v0x2908310_0, 0, 8;
    %movi 8, 34, 7;
    %ix/load 0, 7, 0;
    %ix/load 1, 0, 0;
    %assign/v0/x1 v0x2908310_0, 0, 8;
    %jmp T_1.101;
T_1.46 ;
    %movi 8, 3, 4;
    %ix/load 0, 4, 0;
    %ix/load 1, 12, 0;
    %assign/v0/x1 v0x2908310_0, 0, 8;
    %ix/load 0, 8, 0;
    %ix/load 1, 4, 0;
    %assign/v0/x1 v0x2908310_0, 0, 0;
    %movi 8, 6, 4;
    %ix/load 0, 4, 0;
    %ix/load 1, 0, 0;
    %assign/v0/x1 v0x2908310_0, 0, 8;
    %jmp T_1.101;
T_1.47 ;
    %ix/load 0, 4, 0;
    %ix/load 1, 12, 0;
    %assign/v0/x1 v0x2908310_0, 0, 0;
    %movi 8, 6, 4;
    %ix/load 0, 4, 0;
    %ix/load 1, 4, 0;
    %assign/v0/x1 v0x2908310_0, 0, 8;
    %movi 8, 6, 4;
    %ix/load 0, 4, 0;
    %ix/load 1, 0, 0;
    %assign/v0/x1 v0x2908310_0, 0, 8;
    %jmp T_1.101;
T_1.48 ;
    %movi 8, 12, 4;
    %ix/load 0, 4, 0;
    %ix/load 1, 12, 0;
    %assign/v0/x1 v0x2908310_0, 0, 8;
    %movi 8, 8, 8;
    %ix/load 0, 8, 0;
    %ix/load 1, 4, 0;
    %assign/v0/x1 v0x2908310_0, 0, 8;
    %movi 8, 6, 4;
    %ix/load 0, 4, 0;
    %ix/load 1, 0, 0;
    %assign/v0/x1 v0x2908310_0, 0, 8;
    %jmp T_1.101;
T_1.49 ;
    %movi 8, 2, 4;
    %ix/load 0, 4, 0;
    %ix/load 1, 12, 0;
    %assign/v0/x1 v0x2908310_0, 0, 8;
    %movi 8, 34, 7;
    %ix/load 0, 7, 0;
    %ix/load 1, 0, 0;
    %assign/v0/x1 v0x2908310_0, 0, 8;
    %jmp T_1.101;
T_1.50 ;
    %movi 8, 9, 4;
    %ix/load 0, 4, 0;
    %ix/load 1, 12, 0;
    %assign/v0/x1 v0x2908310_0, 0, 8;
    %movi 8, 1, 4;
    %ix/load 0, 4, 0;
    %ix/load 1, 4, 0;
    %assign/v0/x1 v0x2908310_0, 0, 8;
    %movi 8, 6, 4;
    %ix/load 0, 4, 0;
    %ix/load 1, 0, 0;
    %assign/v0/x1 v0x2908310_0, 0, 8;
    %jmp T_1.101;
T_1.51 ;
    %movi 8, 2, 4;
    %ix/load 0, 4, 0;
    %ix/load 1, 12, 0;
    %assign/v0/x1 v0x2908310_0, 0, 8;
    %movi 8, 47, 7;
    %ix/load 0, 7, 0;
    %ix/load 1, 0, 0;
    %assign/v0/x1 v0x2908310_0, 0, 8;
    %jmp T_1.101;
T_1.52 ;
    %movi 8, 8, 4;
    %ix/load 0, 4, 0;
    %ix/load 1, 12, 0;
    %assign/v0/x1 v0x2908310_0, 0, 8;
    %movi 8, 2, 4;
    %ix/load 0, 4, 0;
    %ix/load 1, 4, 0;
    %assign/v0/x1 v0x2908310_0, 0, 8;
    %movi 8, 6, 4;
    %ix/load 0, 4, 0;
    %ix/load 1, 0, 0;
    %assign/v0/x1 v0x2908310_0, 0, 8;
    %jmp T_1.101;
T_1.53 ;
    %movi 8, 2, 4;
    %ix/load 0, 4, 0;
    %ix/load 1, 12, 0;
    %assign/v0/x1 v0x2908310_0, 0, 8;
    %movi 8, 47, 7;
    %ix/load 0, 7, 0;
    %ix/load 1, 0, 0;
    %assign/v0/x1 v0x2908310_0, 0, 8;
    %jmp T_1.101;
T_1.54 ;
    %movi 8, 7, 4;
    %ix/load 0, 4, 0;
    %ix/load 1, 12, 0;
    %assign/v0/x1 v0x2908310_0, 0, 8;
    %movi 8, 3, 4;
    %ix/load 0, 4, 0;
    %ix/load 1, 4, 0;
    %assign/v0/x1 v0x2908310_0, 0, 8;
    %movi 8, 6, 4;
    %ix/load 0, 4, 0;
    %ix/load 1, 0, 0;
    %assign/v0/x1 v0x2908310_0, 0, 8;
    %jmp T_1.101;
T_1.55 ;
    %movi 8, 2, 4;
    %ix/load 0, 4, 0;
    %ix/load 1, 12, 0;
    %assign/v0/x1 v0x2908310_0, 0, 8;
    %movi 8, 47, 7;
    %ix/load 0, 7, 0;
    %ix/load 1, 0, 0;
    %assign/v0/x1 v0x2908310_0, 0, 8;
    %jmp T_1.101;
T_1.56 ;
    %movi 8, 6, 4;
    %ix/load 0, 4, 0;
    %ix/load 1, 12, 0;
    %assign/v0/x1 v0x2908310_0, 0, 8;
    %movi 8, 4, 4;
    %ix/load 0, 4, 0;
    %ix/load 1, 4, 0;
    %assign/v0/x1 v0x2908310_0, 0, 8;
    %movi 8, 6, 4;
    %ix/load 0, 4, 0;
    %ix/load 1, 0, 0;
    %assign/v0/x1 v0x2908310_0, 0, 8;
    %jmp T_1.101;
T_1.57 ;
    %movi 8, 2, 4;
    %ix/load 0, 4, 0;
    %ix/load 1, 12, 0;
    %assign/v0/x1 v0x2908310_0, 0, 8;
    %movi 8, 47, 7;
    %ix/load 0, 7, 0;
    %ix/load 1, 0, 0;
    %assign/v0/x1 v0x2908310_0, 0, 8;
    %jmp T_1.101;
T_1.58 ;
    %movi 8, 5, 4;
    %ix/load 0, 4, 0;
    %ix/load 1, 12, 0;
    %assign/v0/x1 v0x2908310_0, 0, 8;
    %movi 8, 5, 4;
    %ix/load 0, 4, 0;
    %ix/load 1, 4, 0;
    %assign/v0/x1 v0x2908310_0, 0, 8;
    %movi 8, 6, 4;
    %ix/load 0, 4, 0;
    %ix/load 1, 0, 0;
    %assign/v0/x1 v0x2908310_0, 0, 8;
    %jmp T_1.101;
T_1.59 ;
    %movi 8, 2, 4;
    %ix/load 0, 4, 0;
    %ix/load 1, 12, 0;
    %assign/v0/x1 v0x2908310_0, 0, 8;
    %movi 8, 61, 7;
    %ix/load 0, 7, 0;
    %ix/load 1, 0, 0;
    %assign/v0/x1 v0x2908310_0, 0, 8;
    %jmp T_1.101;
T_1.60 ;
    %movi 8, 1, 4;
    %ix/load 0, 4, 0;
    %ix/load 1, 12, 0;
    %assign/v0/x1 v0x2908310_0, 0, 8;
    %movi 8, 47, 7;
    %ix/load 0, 7, 0;
    %ix/load 1, 0, 0;
    %assign/v0/x1 v0x2908310_0, 0, 8;
    %jmp T_1.101;
T_1.61 ;
    %movi 8, 3, 4;
    %ix/load 0, 4, 0;
    %ix/load 1, 12, 0;
    %assign/v0/x1 v0x2908310_0, 0, 8;
    %ix/load 0, 8, 0;
    %ix/load 1, 4, 0;
    %assign/v0/x1 v0x2908310_0, 0, 0;
    %movi 8, 7, 4;
    %ix/load 0, 4, 0;
    %ix/load 1, 0, 0;
    %assign/v0/x1 v0x2908310_0, 0, 8;
    %jmp T_1.101;
T_1.62 ;
    %ix/load 0, 4, 0;
    %ix/load 1, 12, 0;
    %assign/v0/x1 v0x2908310_0, 0, 0;
    %movi 8, 7, 4;
    %ix/load 0, 4, 0;
    %ix/load 1, 4, 0;
    %assign/v0/x1 v0x2908310_0, 0, 8;
    %movi 8, 7, 4;
    %ix/load 0, 4, 0;
    %ix/load 1, 0, 0;
    %assign/v0/x1 v0x2908310_0, 0, 8;
    %jmp T_1.101;
T_1.63 ;
    %movi 8, 12, 4;
    %ix/load 0, 4, 0;
    %ix/load 1, 12, 0;
    %assign/v0/x1 v0x2908310_0, 0, 8;
    %movi 8, 8, 8;
    %ix/load 0, 8, 0;
    %ix/load 1, 4, 0;
    %assign/v0/x1 v0x2908310_0, 0, 8;
    %movi 8, 7, 4;
    %ix/load 0, 4, 0;
    %ix/load 1, 0, 0;
    %assign/v0/x1 v0x2908310_0, 0, 8;
    %jmp T_1.101;
T_1.64 ;
    %movi 8, 2, 4;
    %ix/load 0, 4, 0;
    %ix/load 1, 12, 0;
    %assign/v0/x1 v0x2908310_0, 0, 8;
    %movi 8, 47, 7;
    %ix/load 0, 7, 0;
    %ix/load 1, 0, 0;
    %assign/v0/x1 v0x2908310_0, 0, 8;
    %jmp T_1.101;
T_1.65 ;
    %movi 8, 10, 4;
    %ix/load 0, 4, 0;
    %ix/load 1, 12, 0;
    %assign/v0/x1 v0x2908310_0, 0, 8;
    %movi 8, 1, 4;
    %ix/load 0, 4, 0;
    %ix/load 1, 4, 0;
    %assign/v0/x1 v0x2908310_0, 0, 8;
    %movi 8, 7, 4;
    %ix/load 0, 4, 0;
    %ix/load 1, 0, 0;
    %assign/v0/x1 v0x2908310_0, 0, 8;
    %jmp T_1.101;
T_1.66 ;
    %movi 8, 2, 4;
    %ix/load 0, 4, 0;
    %ix/load 1, 12, 0;
    %assign/v0/x1 v0x2908310_0, 0, 8;
    %movi 8, 62, 7;
    %ix/load 0, 7, 0;
    %ix/load 1, 0, 0;
    %assign/v0/x1 v0x2908310_0, 0, 8;
    %jmp T_1.101;
T_1.67 ;
    %movi 8, 9, 4;
    %ix/load 0, 4, 0;
    %ix/load 1, 12, 0;
    %assign/v0/x1 v0x2908310_0, 0, 8;
    %movi 8, 2, 4;
    %ix/load 0, 4, 0;
    %ix/load 1, 4, 0;
    %assign/v0/x1 v0x2908310_0, 0, 8;
    %movi 8, 7, 4;
    %ix/load 0, 4, 0;
    %ix/load 1, 0, 0;
    %assign/v0/x1 v0x2908310_0, 0, 8;
    %jmp T_1.101;
T_1.68 ;
    %movi 8, 2, 4;
    %ix/load 0, 4, 0;
    %ix/load 1, 12, 0;
    %assign/v0/x1 v0x2908310_0, 0, 8;
    %movi 8, 62, 7;
    %ix/load 0, 7, 0;
    %ix/load 1, 0, 0;
    %assign/v0/x1 v0x2908310_0, 0, 8;
    %jmp T_1.101;
T_1.69 ;
    %movi 8, 8, 4;
    %ix/load 0, 4, 0;
    %ix/load 1, 12, 0;
    %assign/v0/x1 v0x2908310_0, 0, 8;
    %movi 8, 3, 4;
    %ix/load 0, 4, 0;
    %ix/load 1, 4, 0;
    %assign/v0/x1 v0x2908310_0, 0, 8;
    %movi 8, 7, 4;
    %ix/load 0, 4, 0;
    %ix/load 1, 0, 0;
    %assign/v0/x1 v0x2908310_0, 0, 8;
    %jmp T_1.101;
T_1.70 ;
    %movi 8, 2, 4;
    %ix/load 0, 4, 0;
    %ix/load 1, 12, 0;
    %assign/v0/x1 v0x2908310_0, 0, 8;
    %movi 8, 62, 7;
    %ix/load 0, 7, 0;
    %ix/load 1, 0, 0;
    %assign/v0/x1 v0x2908310_0, 0, 8;
    %jmp T_1.101;
T_1.71 ;
    %movi 8, 7, 4;
    %ix/load 0, 4, 0;
    %ix/load 1, 12, 0;
    %assign/v0/x1 v0x2908310_0, 0, 8;
    %movi 8, 4, 4;
    %ix/load 0, 4, 0;
    %ix/load 1, 4, 0;
    %assign/v0/x1 v0x2908310_0, 0, 8;
    %movi 8, 7, 4;
    %ix/load 0, 4, 0;
    %ix/load 1, 0, 0;
    %assign/v0/x1 v0x2908310_0, 0, 8;
    %jmp T_1.101;
T_1.72 ;
    %movi 8, 2, 4;
    %ix/load 0, 4, 0;
    %ix/load 1, 12, 0;
    %assign/v0/x1 v0x2908310_0, 0, 8;
    %movi 8, 62, 7;
    %ix/load 0, 7, 0;
    %ix/load 1, 0, 0;
    %assign/v0/x1 v0x2908310_0, 0, 8;
    %jmp T_1.101;
T_1.73 ;
    %movi 8, 6, 4;
    %ix/load 0, 4, 0;
    %ix/load 1, 12, 0;
    %assign/v0/x1 v0x2908310_0, 0, 8;
    %movi 8, 5, 4;
    %ix/load 0, 4, 0;
    %ix/load 1, 4, 0;
    %assign/v0/x1 v0x2908310_0, 0, 8;
    %movi 8, 7, 4;
    %ix/load 0, 4, 0;
    %ix/load 1, 0, 0;
    %assign/v0/x1 v0x2908310_0, 0, 8;
    %jmp T_1.101;
T_1.74 ;
    %movi 8, 2, 4;
    %ix/load 0, 4, 0;
    %ix/load 1, 12, 0;
    %assign/v0/x1 v0x2908310_0, 0, 8;
    %movi 8, 62, 7;
    %ix/load 0, 7, 0;
    %ix/load 1, 0, 0;
    %assign/v0/x1 v0x2908310_0, 0, 8;
    %jmp T_1.101;
T_1.75 ;
    %movi 8, 5, 4;
    %ix/load 0, 4, 0;
    %ix/load 1, 12, 0;
    %assign/v0/x1 v0x2908310_0, 0, 8;
    %movi 8, 6, 4;
    %ix/load 0, 4, 0;
    %ix/load 1, 4, 0;
    %assign/v0/x1 v0x2908310_0, 0, 8;
    %movi 8, 7, 4;
    %ix/load 0, 4, 0;
    %ix/load 1, 0, 0;
    %assign/v0/x1 v0x2908310_0, 0, 8;
    %jmp T_1.101;
T_1.76 ;
    %movi 8, 2, 4;
    %ix/load 0, 4, 0;
    %ix/load 1, 12, 0;
    %assign/v0/x1 v0x2908310_0, 0, 8;
    %movi 8, 78, 7;
    %ix/load 0, 7, 0;
    %ix/load 1, 0, 0;
    %assign/v0/x1 v0x2908310_0, 0, 8;
    %jmp T_1.101;
T_1.77 ;
    %movi 8, 1, 4;
    %ix/load 0, 4, 0;
    %ix/load 1, 12, 0;
    %assign/v0/x1 v0x2908310_0, 0, 8;
    %movi 8, 62, 7;
    %ix/load 0, 7, 0;
    %ix/load 1, 0, 0;
    %assign/v0/x1 v0x2908310_0, 0, 8;
    %jmp T_1.101;
T_1.78 ;
    %movi 8, 3, 4;
    %ix/load 0, 4, 0;
    %ix/load 1, 12, 0;
    %assign/v0/x1 v0x2908310_0, 0, 8;
    %ix/load 0, 8, 0;
    %ix/load 1, 4, 0;
    %assign/v0/x1 v0x2908310_0, 0, 0;
    %movi 8, 8, 4;
    %ix/load 0, 4, 0;
    %ix/load 1, 0, 0;
    %assign/v0/x1 v0x2908310_0, 0, 8;
    %jmp T_1.101;
T_1.79 ;
    %ix/load 0, 4, 0;
    %ix/load 1, 12, 0;
    %assign/v0/x1 v0x2908310_0, 0, 0;
    %movi 8, 8, 4;
    %ix/load 0, 4, 0;
    %ix/load 1, 4, 0;
    %assign/v0/x1 v0x2908310_0, 0, 8;
    %movi 8, 8, 4;
    %ix/load 0, 4, 0;
    %ix/load 1, 0, 0;
    %assign/v0/x1 v0x2908310_0, 0, 8;
    %jmp T_1.101;
T_1.80 ;
    %movi 8, 12, 4;
    %ix/load 0, 4, 0;
    %ix/load 1, 12, 0;
    %assign/v0/x1 v0x2908310_0, 0, 8;
    %movi 8, 8, 8;
    %ix/load 0, 8, 0;
    %ix/load 1, 4, 0;
    %assign/v0/x1 v0x2908310_0, 0, 8;
    %movi 8, 8, 4;
    %ix/load 0, 4, 0;
    %ix/load 1, 0, 0;
    %assign/v0/x1 v0x2908310_0, 0, 8;
    %jmp T_1.101;
T_1.81 ;
    %movi 8, 2, 4;
    %ix/load 0, 4, 0;
    %ix/load 1, 12, 0;
    %assign/v0/x1 v0x2908310_0, 0, 8;
    %movi 8, 62, 7;
    %ix/load 0, 7, 0;
    %ix/load 1, 0, 0;
    %assign/v0/x1 v0x2908310_0, 0, 8;
    %jmp T_1.101;
T_1.82 ;
    %movi 8, 11, 4;
    %ix/load 0, 4, 0;
    %ix/load 1, 12, 0;
    %assign/v0/x1 v0x2908310_0, 0, 8;
    %movi 8, 1, 4;
    %ix/load 0, 4, 0;
    %ix/load 1, 4, 0;
    %assign/v0/x1 v0x2908310_0, 0, 8;
    %movi 8, 8, 4;
    %ix/load 0, 4, 0;
    %ix/load 1, 0, 0;
    %assign/v0/x1 v0x2908310_0, 0, 8;
    %jmp T_1.101;
T_1.83 ;
    %movi 8, 2, 4;
    %ix/load 0, 4, 0;
    %ix/load 1, 12, 0;
    %assign/v0/x1 v0x2908310_0, 0, 8;
    %movi 8, 79, 7;
    %ix/load 0, 7, 0;
    %ix/load 1, 0, 0;
    %assign/v0/x1 v0x2908310_0, 0, 8;
    %jmp T_1.101;
T_1.84 ;
    %movi 8, 10, 4;
    %ix/load 0, 4, 0;
    %ix/load 1, 12, 0;
    %assign/v0/x1 v0x2908310_0, 0, 8;
    %movi 8, 2, 4;
    %ix/load 0, 4, 0;
    %ix/load 1, 4, 0;
    %assign/v0/x1 v0x2908310_0, 0, 8;
    %movi 8, 8, 4;
    %ix/load 0, 4, 0;
    %ix/load 1, 0, 0;
    %assign/v0/x1 v0x2908310_0, 0, 8;
    %jmp T_1.101;
T_1.85 ;
    %movi 8, 2, 4;
    %ix/load 0, 4, 0;
    %ix/load 1, 12, 0;
    %assign/v0/x1 v0x2908310_0, 0, 8;
    %movi 8, 79, 7;
    %ix/load 0, 7, 0;
    %ix/load 1, 0, 0;
    %assign/v0/x1 v0x2908310_0, 0, 8;
    %jmp T_1.101;
T_1.86 ;
    %movi 8, 9, 4;
    %ix/load 0, 4, 0;
    %ix/load 1, 12, 0;
    %assign/v0/x1 v0x2908310_0, 0, 8;
    %movi 8, 3, 4;
    %ix/load 0, 4, 0;
    %ix/load 1, 4, 0;
    %assign/v0/x1 v0x2908310_0, 0, 8;
    %movi 8, 8, 4;
    %ix/load 0, 4, 0;
    %ix/load 1, 0, 0;
    %assign/v0/x1 v0x2908310_0, 0, 8;
    %jmp T_1.101;
T_1.87 ;
    %movi 8, 2, 4;
    %ix/load 0, 4, 0;
    %ix/load 1, 12, 0;
    %assign/v0/x1 v0x2908310_0, 0, 8;
    %movi 8, 79, 7;
    %ix/load 0, 7, 0;
    %ix/load 1, 0, 0;
    %assign/v0/x1 v0x2908310_0, 0, 8;
    %jmp T_1.101;
T_1.88 ;
    %movi 8, 8, 4;
    %ix/load 0, 4, 0;
    %ix/load 1, 12, 0;
    %assign/v0/x1 v0x2908310_0, 0, 8;
    %movi 8, 4, 4;
    %ix/load 0, 4, 0;
    %ix/load 1, 4, 0;
    %assign/v0/x1 v0x2908310_0, 0, 8;
    %movi 8, 8, 4;
    %ix/load 0, 4, 0;
    %ix/load 1, 0, 0;
    %assign/v0/x1 v0x2908310_0, 0, 8;
    %jmp T_1.101;
T_1.89 ;
    %movi 8, 2, 4;
    %ix/load 0, 4, 0;
    %ix/load 1, 12, 0;
    %assign/v0/x1 v0x2908310_0, 0, 8;
    %movi 8, 79, 7;
    %ix/load 0, 7, 0;
    %ix/load 1, 0, 0;
    %assign/v0/x1 v0x2908310_0, 0, 8;
    %jmp T_1.101;
T_1.90 ;
    %movi 8, 7, 4;
    %ix/load 0, 4, 0;
    %ix/load 1, 12, 0;
    %assign/v0/x1 v0x2908310_0, 0, 8;
    %movi 8, 5, 4;
    %ix/load 0, 4, 0;
    %ix/load 1, 4, 0;
    %assign/v0/x1 v0x2908310_0, 0, 8;
    %movi 8, 8, 4;
    %ix/load 0, 4, 0;
    %ix/load 1, 0, 0;
    %assign/v0/x1 v0x2908310_0, 0, 8;
    %jmp T_1.101;
T_1.91 ;
    %movi 8, 2, 4;
    %ix/load 0, 4, 0;
    %ix/load 1, 12, 0;
    %assign/v0/x1 v0x2908310_0, 0, 8;
    %movi 8, 79, 7;
    %ix/load 0, 7, 0;
    %ix/load 1, 0, 0;
    %assign/v0/x1 v0x2908310_0, 0, 8;
    %jmp T_1.101;
T_1.92 ;
    %movi 8, 6, 4;
    %ix/load 0, 4, 0;
    %ix/load 1, 12, 0;
    %assign/v0/x1 v0x2908310_0, 0, 8;
    %movi 8, 6, 4;
    %ix/load 0, 4, 0;
    %ix/load 1, 4, 0;
    %assign/v0/x1 v0x2908310_0, 0, 8;
    %movi 8, 8, 4;
    %ix/load 0, 4, 0;
    %ix/load 1, 0, 0;
    %assign/v0/x1 v0x2908310_0, 0, 8;
    %jmp T_1.101;
T_1.93 ;
    %movi 8, 2, 4;
    %ix/load 0, 4, 0;
    %ix/load 1, 12, 0;
    %assign/v0/x1 v0x2908310_0, 0, 8;
    %movi 8, 79, 7;
    %ix/load 0, 7, 0;
    %ix/load 1, 0, 0;
    %assign/v0/x1 v0x2908310_0, 0, 8;
    %jmp T_1.101;
T_1.94 ;
    %movi 8, 5, 4;
    %ix/load 0, 4, 0;
    %ix/load 1, 12, 0;
    %assign/v0/x1 v0x2908310_0, 0, 8;
    %movi 8, 7, 4;
    %ix/load 0, 4, 0;
    %ix/load 1, 4, 0;
    %assign/v0/x1 v0x2908310_0, 0, 8;
    %movi 8, 8, 4;
    %ix/load 0, 4, 0;
    %ix/load 1, 0, 0;
    %assign/v0/x1 v0x2908310_0, 0, 8;
    %jmp T_1.101;
T_1.95 ;
    %movi 8, 2, 4;
    %ix/load 0, 4, 0;
    %ix/load 1, 12, 0;
    %assign/v0/x1 v0x2908310_0, 0, 8;
    %movi 8, 97, 7;
    %ix/load 0, 7, 0;
    %ix/load 1, 0, 0;
    %assign/v0/x1 v0x2908310_0, 0, 8;
    %jmp T_1.101;
T_1.96 ;
    %movi 8, 1, 4;
    %ix/load 0, 4, 0;
    %ix/load 1, 12, 0;
    %assign/v0/x1 v0x2908310_0, 0, 8;
    %movi 8, 79, 7;
    %ix/load 0, 7, 0;
    %ix/load 1, 0, 0;
    %assign/v0/x1 v0x2908310_0, 0, 8;
    %jmp T_1.101;
T_1.97 ;
    %ix/load 0, 4, 0;
    %ix/load 1, 12, 0;
    %assign/v0/x1 v0x2908310_0, 0, 0;
    %movi 8, 14, 4;
    %ix/load 0, 4, 0;
    %ix/load 1, 4, 0;
    %assign/v0/x1 v0x2908310_0, 0, 8;
    %movi 8, 14, 4;
    %ix/load 0, 4, 0;
    %ix/load 1, 0, 0;
    %assign/v0/x1 v0x2908310_0, 0, 8;
    %jmp T_1.101;
T_1.98 ;
    %movi 8, 4, 4;
    %ix/load 0, 4, 0;
    %ix/load 1, 12, 0;
    %assign/v0/x1 v0x2908310_0, 0, 8;
    %movi 8, 14, 4;
    %ix/load 0, 4, 0;
    %ix/load 1, 8, 0;
    %assign/v0/x1 v0x2908310_0, 0, 8;
    %movi 8, 12, 4;
    %ix/load 0, 4, 0;
    %ix/load 1, 4, 0;
    %assign/v0/x1 v0x2908310_0, 0, 8;
    %jmp T_1.101;
T_1.99 ;
    %movi 8, 1, 4;
    %ix/load 0, 4, 0;
    %ix/load 1, 12, 0;
    %assign/v0/x1 v0x2908310_0, 0, 8;
    %movi 8, 79, 7;
    %ix/load 0, 7, 0;
    %ix/load 1, 0, 0;
    %assign/v0/x1 v0x2908310_0, 0, 8;
    %jmp T_1.101;
T_1.100 ;
    %movi 8, 1, 4;
    %ix/load 0, 4, 0;
    %ix/load 1, 12, 0;
    %assign/v0/x1 v0x2908310_0, 0, 8;
    %movi 8, 100, 7;
    %ix/load 0, 7, 0;
    %ix/load 1, 0, 0;
    %assign/v0/x1 v0x2908310_0, 0, 8;
    %jmp T_1.101;
T_1.101 ;
    %jmp T_1;
    .thread T_1, $push;
    .scope S_0x2906770;
T_2 ;
    %wait E_0x29070d0;
    %ix/load 1, 12, 0;
    %mov 4, 0, 1;
    %jmp/1 T_2.0, 4;
    %load/x1p 8, v0x2907430_0, 4;
    %jmp T_2.1;
T_2.0 ;
    %mov 8, 2, 4;
T_2.1 ;
; Save base=8 wid=4 in lookaside.
    %cmpi/u 8, 13, 4;
    %jmp/1 T_2.2, 6;
    %cmpi/u 8, 14, 4;
    %jmp/1 T_2.3, 6;
    %cmpi/u 8, 15, 4;
    %jmp/1 T_2.4, 6;
    %cmpi/u 8, 0, 4;
    %jmp/1 T_2.5, 6;
    %cmpi/u 8, 5, 4;
    %jmp/1 T_2.6, 6;
    %cmpi/u 8, 6, 4;
    %jmp/1 T_2.7, 6;
    %cmpi/u 8, 7, 4;
    %jmp/1 T_2.8, 6;
    %cmpi/u 8, 8, 4;
    %jmp/1 T_2.9, 6;
    %cmpi/u 8, 9, 4;
    %jmp/1 T_2.10, 6;
    %cmpi/u 8, 10, 4;
    %jmp/1 T_2.11, 6;
    %cmpi/u 8, 11, 4;
    %jmp/1 T_2.12, 6;
    %cmpi/u 8, 1, 4;
    %jmp/1 T_2.13, 6;
    %cmpi/u 8, 2, 4;
    %jmp/1 T_2.14, 6;
    %cmpi/u 8, 3, 4;
    %jmp/1 T_2.15, 6;
    %cmpi/u 8, 4, 4;
    %jmp/1 T_2.16, 6;
    %cmpi/u 8, 12, 4;
    %jmp/1 T_2.17, 6;
    %ix/load 0, 1, 0;
    %assign/v0 v0x29075f0_0, 0, 0;
    %ix/load 0, 1, 0;
    %assign/v0 v0x2907570_0, 0, 0;
    %ix/load 0, 1, 0;
    %assign/v0 v0x2907350_0, 0, 1;
    %jmp T_2.19;
T_2.2 ;
    %ix/load 1, 12, 0;
    %mov 4, 0, 1;
    %jmp/1 T_2.20, 4;
    %load/x1p 8, v0x2907430_0, 4;
    %jmp T_2.21;
T_2.20 ;
    %mov 8, 2, 4;
T_2.21 ;
; Save base=8 wid=4 in lookaside.
    %ix/load 0, 4, 0;
    %assign/v0 v0x2907120_0, 0, 8;
    %ix/load 1, 8, 0;
    %mov 4, 0, 1;
    %jmp/1 T_2.22, 4;
    %load/x1p 8, v0x2907430_0, 4;
    %jmp T_2.23;
T_2.22 ;
    %mov 8, 2, 4;
T_2.23 ;
; Save base=8 wid=4 in lookaside.
    %ix/load 0, 4, 0;
    %assign/v0 v0x2907880_0, 0, 8;
    %ix/load 1, 4, 0;
    %mov 4, 0, 1;
    %jmp/1 T_2.24, 4;
    %load/x1p 8, v0x2907430_0, 4;
    %jmp T_2.25;
T_2.24 ;
    %mov 8, 2, 4;
T_2.25 ;
; Save base=8 wid=4 in lookaside.
    %ix/load 0, 4, 0;
    %assign/v0 v0x2907930_0, 0, 8;
    %load/v 8, v0x2907430_0, 4; Only need 4 of 16 bits
; Save base=8 wid=4 in lookaside.
    %ix/load 0, 4, 0;
    %assign/v0 v0x29072a0_0, 0, 8;
    %ix/load 0, 1, 0;
    %assign/v0 v0x29076c0_0, 0, 1;
    %ix/load 0, 1, 0;
    %assign/v0 v0x2907770_0, 0, 0;
    %ix/load 0, 1, 0;
    %assign/v0 v0x29075f0_0, 0, 1;
    %ix/load 0, 1, 0;
    %assign/v0 v0x2907570_0, 0, 0;
    %ix/load 0, 1, 0;
    %assign/v0 v0x2907350_0, 0, 0;
    %jmp T_2.19;
T_2.3 ;
    %ix/load 1, 12, 0;
    %mov 4, 0, 1;
    %jmp/1 T_2.26, 4;
    %load/x1p 8, v0x2907430_0, 4;
    %jmp T_2.27;
T_2.26 ;
    %mov 8, 2, 4;
T_2.27 ;
; Save base=8 wid=4 in lookaside.
    %ix/load 0, 4, 0;
    %assign/v0 v0x2907120_0, 0, 8;
    %ix/load 1, 8, 0;
    %mov 4, 0, 1;
    %jmp/1 T_2.28, 4;
    %load/x1p 8, v0x2907430_0, 4;
    %jmp T_2.29;
T_2.28 ;
    %mov 8, 2, 4;
T_2.29 ;
; Save base=8 wid=4 in lookaside.
    %ix/load 0, 4, 0;
    %assign/v0 v0x2907880_0, 0, 8;
    %ix/load 1, 4, 0;
    %mov 4, 0, 1;
    %jmp/1 T_2.30, 4;
    %load/x1p 8, v0x2907430_0, 4;
    %jmp T_2.31;
T_2.30 ;
    %mov 8, 2, 4;
T_2.31 ;
; Save base=8 wid=4 in lookaside.
    %ix/load 0, 4, 0;
    %assign/v0 v0x2907930_0, 0, 8;
    %load/v 8, v0x2907430_0, 4; Only need 4 of 16 bits
; Save base=8 wid=4 in lookaside.
    %ix/load 0, 4, 0;
    %assign/v0 v0x29072a0_0, 0, 8;
    %ix/load 0, 1, 0;
    %assign/v0 v0x29076c0_0, 0, 1;
    %ix/load 0, 1, 0;
    %assign/v0 v0x2907770_0, 0, 0;
    %ix/load 0, 1, 0;
    %assign/v0 v0x29075f0_0, 0, 1;
    %ix/load 0, 1, 0;
    %assign/v0 v0x2907570_0, 0, 0;
    %ix/load 0, 1, 0;
    %assign/v0 v0x2907350_0, 0, 0;
    %jmp T_2.19;
T_2.4 ;
    %ix/load 1, 12, 0;
    %mov 4, 0, 1;
    %jmp/1 T_2.32, 4;
    %load/x1p 8, v0x2907430_0, 4;
    %jmp T_2.33;
T_2.32 ;
    %mov 8, 2, 4;
T_2.33 ;
; Save base=8 wid=4 in lookaside.
    %ix/load 0, 4, 0;
    %assign/v0 v0x2907120_0, 0, 8;
    %ix/load 1, 8, 0;
    %mov 4, 0, 1;
    %jmp/1 T_2.34, 4;
    %load/x1p 8, v0x2907430_0, 4;
    %jmp T_2.35;
T_2.34 ;
    %mov 8, 2, 4;
T_2.35 ;
; Save base=8 wid=4 in lookaside.
    %ix/load 0, 4, 0;
    %assign/v0 v0x2907880_0, 0, 8;
    %ix/load 1, 4, 0;
    %mov 4, 0, 1;
    %jmp/1 T_2.36, 4;
    %load/x1p 8, v0x2907430_0, 4;
    %jmp T_2.37;
T_2.36 ;
    %mov 8, 2, 4;
T_2.37 ;
; Save base=8 wid=4 in lookaside.
    %ix/load 0, 4, 0;
    %assign/v0 v0x2907930_0, 0, 8;
    %load/v 8, v0x2907430_0, 4; Only need 4 of 16 bits
; Save base=8 wid=4 in lookaside.
    %ix/load 0, 4, 0;
    %assign/v0 v0x29072a0_0, 0, 8;
    %ix/load 0, 1, 0;
    %assign/v0 v0x29076c0_0, 0, 1;
    %ix/load 0, 1, 0;
    %assign/v0 v0x2907770_0, 0, 0;
    %ix/load 0, 1, 0;
    %assign/v0 v0x29075f0_0, 0, 1;
    %ix/load 0, 1, 0;
    %assign/v0 v0x2907570_0, 0, 0;
    %ix/load 0, 1, 0;
    %assign/v0 v0x2907350_0, 0, 0;
    %jmp T_2.19;
T_2.5 ;
    %ix/load 1, 12, 0;
    %mov 4, 0, 1;
    %jmp/1 T_2.38, 4;
    %load/x1p 8, v0x2907430_0, 4;
    %jmp T_2.39;
T_2.38 ;
    %mov 8, 2, 4;
T_2.39 ;
; Save base=8 wid=4 in lookaside.
    %ix/load 0, 4, 0;
    %assign/v0 v0x2907120_0, 0, 8;
    %ix/load 1, 4, 0;
    %mov 4, 0, 1;
    %jmp/1 T_2.40, 4;
    %load/x1p 8, v0x2907430_0, 4;
    %jmp T_2.41;
T_2.40 ;
    %mov 8, 2, 4;
T_2.41 ;
; Save base=8 wid=4 in lookaside.
    %ix/load 0, 4, 0;
    %assign/v0 v0x2907880_0, 0, 8;
    %load/v 8, v0x2907430_0, 4; Only need 4 of 16 bits
; Save base=8 wid=4 in lookaside.
    %ix/load 0, 4, 0;
    %assign/v0 v0x29072a0_0, 0, 8;
    %ix/load 0, 1, 0;
    %assign/v0 v0x29076c0_0, 0, 1;
    %ix/load 0, 1, 0;
    %assign/v0 v0x2907770_0, 0, 0;
    %ix/load 0, 1, 0;
    %assign/v0 v0x29075f0_0, 0, 1;
    %ix/load 0, 1, 0;
    %assign/v0 v0x2907570_0, 0, 0;
    %ix/load 0, 1, 0;
    %assign/v0 v0x2907350_0, 0, 0;
    %jmp T_2.19;
T_2.6 ;
    %ix/load 1, 12, 0;
    %mov 4, 0, 1;
    %jmp/1 T_2.42, 4;
    %load/x1p 8, v0x2907430_0, 4;
    %jmp T_2.43;
T_2.42 ;
    %mov 8, 2, 4;
T_2.43 ;
; Save base=8 wid=4 in lookaside.
    %ix/load 0, 4, 0;
    %assign/v0 v0x2907120_0, 0, 8;
    %ix/load 1, 4, 0;
    %mov 4, 0, 1;
    %jmp/1 T_2.44, 4;
    %load/x1p 8, v0x2907430_0, 4;
    %jmp T_2.45;
T_2.44 ;
    %mov 8, 2, 4;
T_2.45 ;
; Save base=8 wid=4 in lookaside.
    %ix/load 0, 4, 0;
    %assign/v0 v0x2907880_0, 0, 8;
    %load/v 8, v0x2907430_0, 4; Only need 4 of 16 bits
; Save base=8 wid=4 in lookaside.
    %ix/load 0, 4, 0;
    %assign/v0 v0x2907930_0, 0, 8;
    %ix/load 0, 1, 0;
    %assign/v0 v0x29076c0_0, 0, 1;
    %ix/load 0, 1, 0;
    %assign/v0 v0x29075f0_0, 0, 0;
    %ix/load 0, 1, 0;
    %assign/v0 v0x2907570_0, 0, 0;
    %ix/load 0, 1, 0;
    %assign/v0 v0x2907350_0, 0, 0;
    %jmp T_2.19;
T_2.7 ;
    %ix/load 1, 12, 0;
    %mov 4, 0, 1;
    %jmp/1 T_2.46, 4;
    %load/x1p 8, v0x2907430_0, 4;
    %jmp T_2.47;
T_2.46 ;
    %mov 8, 2, 4;
T_2.47 ;
; Save base=8 wid=4 in lookaside.
    %ix/load 0, 4, 0;
    %assign/v0 v0x2907120_0, 0, 8;
    %ix/load 1, 4, 0;
    %mov 4, 0, 1;
    %jmp/1 T_2.48, 4;
    %load/x1p 8, v0x2907430_0, 4;
    %jmp T_2.49;
T_2.48 ;
    %mov 8, 2, 4;
T_2.49 ;
; Save base=8 wid=4 in lookaside.
    %ix/load 0, 4, 0;
    %assign/v0 v0x2907880_0, 0, 8;
    %load/v 8, v0x2907430_0, 4; Only need 4 of 16 bits
; Save base=8 wid=4 in lookaside.
    %ix/load 0, 4, 0;
    %assign/v0 v0x2907930_0, 0, 8;
    %ix/load 0, 1, 0;
    %assign/v0 v0x29076c0_0, 0, 1;
    %ix/load 0, 1, 0;
    %assign/v0 v0x29075f0_0, 0, 0;
    %ix/load 0, 1, 0;
    %assign/v0 v0x2907570_0, 0, 0;
    %ix/load 0, 1, 0;
    %assign/v0 v0x2907350_0, 0, 0;
    %jmp T_2.19;
T_2.8 ;
    %ix/load 1, 12, 0;
    %mov 4, 0, 1;
    %jmp/1 T_2.50, 4;
    %load/x1p 8, v0x2907430_0, 4;
    %jmp T_2.51;
T_2.50 ;
    %mov 8, 2, 4;
T_2.51 ;
; Save base=8 wid=4 in lookaside.
    %ix/load 0, 4, 0;
    %assign/v0 v0x2907120_0, 0, 8;
    %ix/load 1, 4, 0;
    %mov 4, 0, 1;
    %jmp/1 T_2.52, 4;
    %load/x1p 8, v0x2907430_0, 4;
    %jmp T_2.53;
T_2.52 ;
    %mov 8, 2, 4;
T_2.53 ;
; Save base=8 wid=4 in lookaside.
    %ix/load 0, 4, 0;
    %assign/v0 v0x2907880_0, 0, 8;
    %load/v 8, v0x2907430_0, 4; Only need 4 of 16 bits
; Save base=8 wid=4 in lookaside.
    %ix/load 0, 4, 0;
    %assign/v0 v0x2907930_0, 0, 8;
    %ix/load 0, 1, 0;
    %assign/v0 v0x29076c0_0, 0, 1;
    %ix/load 0, 1, 0;
    %assign/v0 v0x29075f0_0, 0, 0;
    %ix/load 0, 1, 0;
    %assign/v0 v0x2907570_0, 0, 0;
    %ix/load 0, 1, 0;
    %assign/v0 v0x2907350_0, 0, 0;
    %jmp T_2.19;
T_2.9 ;
    %ix/load 1, 12, 0;
    %mov 4, 0, 1;
    %jmp/1 T_2.54, 4;
    %load/x1p 8, v0x2907430_0, 4;
    %jmp T_2.55;
T_2.54 ;
    %mov 8, 2, 4;
T_2.55 ;
; Save base=8 wid=4 in lookaside.
    %ix/load 0, 4, 0;
    %assign/v0 v0x2907120_0, 0, 8;
    %ix/load 1, 4, 0;
    %mov 4, 0, 1;
    %jmp/1 T_2.56, 4;
    %load/x1p 8, v0x2907430_0, 4;
    %jmp T_2.57;
T_2.56 ;
    %mov 8, 2, 4;
T_2.57 ;
; Save base=8 wid=4 in lookaside.
    %ix/load 0, 4, 0;
    %assign/v0 v0x2907880_0, 0, 8;
    %load/v 8, v0x2907430_0, 4; Only need 4 of 16 bits
; Save base=8 wid=4 in lookaside.
    %ix/load 0, 4, 0;
    %assign/v0 v0x2907930_0, 0, 8;
    %ix/load 0, 1, 0;
    %assign/v0 v0x29076c0_0, 0, 1;
    %ix/load 0, 1, 0;
    %assign/v0 v0x29075f0_0, 0, 0;
    %ix/load 0, 1, 0;
    %assign/v0 v0x2907570_0, 0, 0;
    %ix/load 0, 1, 0;
    %assign/v0 v0x2907350_0, 0, 0;
    %jmp T_2.19;
T_2.10 ;
    %ix/load 1, 12, 0;
    %mov 4, 0, 1;
    %jmp/1 T_2.58, 4;
    %load/x1p 8, v0x2907430_0, 4;
    %jmp T_2.59;
T_2.58 ;
    %mov 8, 2, 4;
T_2.59 ;
; Save base=8 wid=4 in lookaside.
    %ix/load 0, 4, 0;
    %assign/v0 v0x2907120_0, 0, 8;
    %ix/load 1, 4, 0;
    %mov 4, 0, 1;
    %jmp/1 T_2.60, 4;
    %load/x1p 8, v0x2907430_0, 4;
    %jmp T_2.61;
T_2.60 ;
    %mov 8, 2, 4;
T_2.61 ;
; Save base=8 wid=4 in lookaside.
    %ix/load 0, 4, 0;
    %assign/v0 v0x2907880_0, 0, 8;
    %load/v 8, v0x2907430_0, 4; Only need 4 of 16 bits
; Save base=8 wid=4 in lookaside.
    %ix/load 0, 4, 0;
    %assign/v0 v0x2907930_0, 0, 8;
    %ix/load 0, 1, 0;
    %assign/v0 v0x29076c0_0, 0, 1;
    %ix/load 0, 1, 0;
    %assign/v0 v0x29075f0_0, 0, 0;
    %ix/load 0, 1, 0;
    %assign/v0 v0x2907570_0, 0, 0;
    %ix/load 0, 1, 0;
    %assign/v0 v0x2907350_0, 0, 0;
    %jmp T_2.19;
T_2.11 ;
    %ix/load 1, 12, 0;
    %mov 4, 0, 1;
    %jmp/1 T_2.62, 4;
    %load/x1p 8, v0x2907430_0, 4;
    %jmp T_2.63;
T_2.62 ;
    %mov 8, 2, 4;
T_2.63 ;
; Save base=8 wid=4 in lookaside.
    %ix/load 0, 4, 0;
    %assign/v0 v0x2907120_0, 0, 8;
    %ix/load 1, 4, 0;
    %mov 4, 0, 1;
    %jmp/1 T_2.64, 4;
    %load/x1p 8, v0x2907430_0, 4;
    %jmp T_2.65;
T_2.64 ;
    %mov 8, 2, 4;
T_2.65 ;
; Save base=8 wid=4 in lookaside.
    %ix/load 0, 4, 0;
    %assign/v0 v0x2907880_0, 0, 8;
    %load/v 8, v0x2907430_0, 4; Only need 4 of 16 bits
; Save base=8 wid=4 in lookaside.
    %ix/load 0, 4, 0;
    %assign/v0 v0x2907930_0, 0, 8;
    %ix/load 0, 1, 0;
    %assign/v0 v0x29076c0_0, 0, 1;
    %ix/load 0, 1, 0;
    %assign/v0 v0x29075f0_0, 0, 0;
    %ix/load 0, 1, 0;
    %assign/v0 v0x2907570_0, 0, 0;
    %ix/load 0, 1, 0;
    %assign/v0 v0x2907350_0, 0, 0;
    %jmp T_2.19;
T_2.12 ;
    %ix/load 1, 12, 0;
    %mov 4, 0, 1;
    %jmp/1 T_2.66, 4;
    %load/x1p 8, v0x2907430_0, 4;
    %jmp T_2.67;
T_2.66 ;
    %mov 8, 2, 4;
T_2.67 ;
; Save base=8 wid=4 in lookaside.
    %ix/load 0, 4, 0;
    %assign/v0 v0x2907120_0, 0, 8;
    %ix/load 1, 4, 0;
    %mov 4, 0, 1;
    %jmp/1 T_2.68, 4;
    %load/x1p 8, v0x2907430_0, 4;
    %jmp T_2.69;
T_2.68 ;
    %mov 8, 2, 4;
T_2.69 ;
; Save base=8 wid=4 in lookaside.
    %ix/load 0, 4, 0;
    %assign/v0 v0x2907880_0, 0, 8;
    %load/v 8, v0x2907430_0, 4; Only need 4 of 16 bits
; Save base=8 wid=4 in lookaside.
    %ix/load 0, 4, 0;
    %assign/v0 v0x2907930_0, 0, 8;
    %ix/load 0, 1, 0;
    %assign/v0 v0x29076c0_0, 0, 1;
    %ix/load 0, 1, 0;
    %assign/v0 v0x29075f0_0, 0, 0;
    %ix/load 0, 1, 0;
    %assign/v0 v0x2907570_0, 0, 0;
    %ix/load 0, 1, 0;
    %assign/v0 v0x2907350_0, 0, 0;
    %jmp T_2.19;
T_2.13 ;
    %ix/load 0, 1, 0;
    %assign/v0 v0x2907570_0, 0, 1;
    %load/v 8, v0x2907430_0, 7; Only need 7 of 16 bits
; Save base=8 wid=7 in lookaside.
    %ix/load 0, 7, 0;
    %assign/v0 v0x29074b0_0, 0, 8;
    %jmp T_2.19;
T_2.14 ;
    %load/v 8, v0x2907a20_0, 1;
    %ix/load 0, 1, 0;
    %assign/v0 v0x2907570_0, 0, 8;
    %load/v 8, v0x2907430_0, 7; Only need 7 of 16 bits
; Save base=8 wid=7 in lookaside.
    %ix/load 0, 7, 0;
    %assign/v0 v0x29074b0_0, 0, 8;
    %jmp T_2.19;
T_2.15 ;
    %ix/load 0, 1, 0;
    %assign/v0 v0x29076c0_0, 0, 0;
    %ix/load 0, 1, 0;
    %assign/v0 v0x2907770_0, 0, 0;
    %ix/load 1, 12, 0;
    %mov 4, 0, 1;
    %jmp/1 T_2.70, 4;
    %load/x1p 8, v0x2907430_0, 4;
    %jmp T_2.71;
T_2.70 ;
    %mov 8, 2, 4;
T_2.71 ;
; Save base=8 wid=4 in lookaside.
    %ix/load 0, 4, 0;
    %assign/v0 v0x2907120_0, 0, 8;
    %ix/load 1, 4, 0;
    %mov 4, 0, 1;
    %jmp/1 T_2.72, 4;
    %load/x1p 8, v0x2907430_0, 8;
    %jmp T_2.73;
T_2.72 ;
    %mov 8, 2, 8;
T_2.73 ;
; Save base=8 wid=8 in lookaside.
    %ix/load 0, 8, 0;
    %assign/v0 v0x29071f0_0, 0, 8;
    %load/v 8, v0x2907430_0, 4; Only need 4 of 16 bits
; Save base=8 wid=4 in lookaside.
    %ix/load 0, 4, 0;
    %assign/v0 v0x29072a0_0, 0, 8;
    %ix/load 0, 1, 0;
    %assign/v0 v0x29075f0_0, 0, 1;
    %ix/load 0, 1, 0;
    %assign/v0 v0x2907570_0, 0, 0;
    %ix/load 0, 1, 0;
    %assign/v0 v0x2907350_0, 0, 0;
    %jmp T_2.19;
T_2.16 ;
    %ix/load 1, 12, 0;
    %mov 4, 0, 1;
    %jmp/1 T_2.74, 4;
    %load/x1p 8, v0x2907430_0, 4;
    %jmp T_2.75;
T_2.74 ;
    %mov 8, 2, 4;
T_2.75 ;
; Save base=8 wid=4 in lookaside.
    %ix/load 0, 4, 0;
    %assign/v0 v0x2907120_0, 0, 8;
    %ix/load 1, 8, 0;
    %mov 4, 0, 1;
    %jmp/1 T_2.76, 4;
    %load/x1p 8, v0x2907430_0, 4;
    %jmp T_2.77;
T_2.76 ;
    %mov 8, 2, 4;
T_2.77 ;
; Save base=8 wid=4 in lookaside.
    %ix/load 0, 4, 0;
    %assign/v0 v0x2907880_0, 0, 8;
    %ix/load 1, 4, 0;
    %mov 4, 0, 1;
    %jmp/1 T_2.78, 4;
    %load/x1p 8, v0x2907430_0, 4;
    %jmp T_2.79;
T_2.78 ;
    %mov 8, 2, 4;
T_2.79 ;
; Save base=8 wid=4 in lookaside.
    %ix/load 0, 4, 0;
    %assign/v0 v0x2907930_0, 0, 8;
    %load/v 8, v0x2907430_0, 4; Only need 4 of 16 bits
; Save base=8 wid=4 in lookaside.
    %ix/load 0, 4, 0;
    %assign/v0 v0x29072a0_0, 0, 8;
    %ix/load 0, 1, 0;
    %assign/v0 v0x29076c0_0, 0, 1;
    %ix/load 0, 1, 0;
    %assign/v0 v0x29075f0_0, 0, 0;
    %ix/load 0, 1, 0;
    %assign/v0 v0x2907570_0, 0, 0;
    %ix/load 0, 1, 0;
    %assign/v0 v0x2907350_0, 0, 1;
    %jmp T_2.19;
T_2.17 ;
    %ix/load 1, 12, 0;
    %mov 4, 0, 1;
    %jmp/1 T_2.80, 4;
    %load/x1p 8, v0x2907430_0, 4;
    %jmp T_2.81;
T_2.80 ;
    %mov 8, 2, 4;
T_2.81 ;
; Save base=8 wid=4 in lookaside.
    %ix/load 0, 4, 0;
    %assign/v0 v0x2907120_0, 0, 8;
    %ix/load 1, 4, 0;
    %mov 4, 0, 1;
    %jmp/1 T_2.82, 4;
    %load/x1p 8, v0x2907430_0, 8;
    %jmp T_2.83;
T_2.82 ;
    %mov 8, 2, 8;
T_2.83 ;
; Save base=8 wid=8 in lookaside.
    %ix/load 0, 8, 0;
    %assign/v0 v0x29071f0_0, 0, 8;
    %load/v 8, v0x2907430_0, 4; Only need 4 of 16 bits
; Save base=8 wid=4 in lookaside.
    %ix/load 0, 4, 0;
    %assign/v0 v0x2907930_0, 0, 8;
    %ix/load 0, 1, 0;
    %assign/v0 v0x29076c0_0, 0, 0;
    %ix/load 0, 1, 0;
    %assign/v0 v0x29075f0_0, 0, 0;
    %ix/load 0, 1, 0;
    %assign/v0 v0x2907570_0, 0, 0;
    %ix/load 0, 1, 0;
    %assign/v0 v0x2907350_0, 0, 0;
    %jmp T_2.19;
T_2.19 ;
    %jmp T_2;
    .thread T_2, $push;
    .scope S_0x2905af0;
T_3 ;
    %wait E_0x29063b0;
    %load/v 8, v0x29065a0_0, 4;
    %cmpi/u 8, 0, 4;
    %jmp/1 T_3.0, 6;
    %cmpi/u 8, 5, 4;
    %jmp/1 T_3.1, 6;
    %cmpi/u 8, 6, 4;
    %jmp/1 T_3.2, 6;
    %cmpi/u 8, 7, 4;
    %jmp/1 T_3.3, 6;
    %cmpi/u 8, 8, 4;
    %jmp/1 T_3.4, 6;
    %cmpi/u 8, 9, 4;
    %jmp/1 T_3.5, 6;
    %cmpi/u 8, 10, 4;
    %jmp/1 T_3.6, 6;
    %cmpi/u 8, 11, 4;
    %jmp/1 T_3.7, 6;
    %cmpi/u 8, 3, 4;
    %jmp/1 T_3.8, 6;
    %cmpi/u 8, 4, 4;
    %jmp/1 T_3.9, 6;
    %cmpi/u 8, 12, 4;
    %jmp/1 T_3.10, 6;
    %cmpi/u 8, 13, 4;
    %jmp/1 T_3.11, 6;
    %cmpi/u 8, 14, 4;
    %jmp/1 T_3.12, 6;
    %cmpi/u 8, 15, 4;
    %jmp/1 T_3.13, 6;
    %ix/load 0, 8, 0;
    %assign/v0 v0x2906620_0, 0, 0;
    %jmp T_3.15;
T_3.0 ;
    %load/v 8, v0x2906400_0, 8;
    %mov 16, 0, 24;
    %addi 8, 1, 32;
    %ix/load 0, 8, 0;
    %assign/v0 v0x2906620_0, 0, 8;
    %jmp T_3.15;
T_3.1 ;
    %load/v 8, v0x29064d0_0, 8;
    %load/v 16, v0x2906400_0, 8;
    %cmp/u 8, 16, 8;
    %jmp/0xz  T_3.16, 5;
    %load/v 8, v0x2906400_0, 8;
    %mov 16, 0, 2;
    %load/v 18, v0x29064d0_0, 8;
    %mov 26, 0, 2;
    %sub 8, 18, 10;
    %cmpi/u 8, 1, 10;
    %jmp/0xz  T_3.18, 4;
    %ix/load 0, 1, 0;
    %assign/v0 v0x29066f0_0, 0, 0;
    %jmp T_3.19;
T_3.18 ;
    %ix/load 0, 1, 0;
    %assign/v0 v0x29066f0_0, 0, 1;
T_3.19 ;
    %jmp T_3.17;
T_3.16 ;
    %load/v 8, v0x2906400_0, 8;
    %load/v 16, v0x29064d0_0, 8;
    %cmp/u 8, 16, 8;
    %jmp/0xz  T_3.20, 5;
    %load/v 8, v0x29064d0_0, 8;
    %mov 16, 0, 2;
    %load/v 18, v0x2906400_0, 8;
    %mov 26, 0, 2;
    %sub 8, 18, 10;
    %cmpi/u 8, 1, 10;
    %jmp/0xz  T_3.22, 4;
    %ix/load 0, 1, 0;
    %assign/v0 v0x29066f0_0, 0, 0;
    %jmp T_3.23;
T_3.22 ;
    %ix/load 0, 1, 0;
    %assign/v0 v0x29066f0_0, 0, 1;
T_3.23 ;
    %jmp T_3.21;
T_3.20 ;
    %ix/load 0, 1, 0;
    %assign/v0 v0x29066f0_0, 0, 0;
T_3.21 ;
T_3.17 ;
    %jmp T_3.15;
T_3.2 ;
    %load/v 8, v0x29064d0_0, 8;
    %load/v 16, v0x2906400_0, 8;
    %cmp/u 8, 16, 8;
    %jmp/0xz  T_3.24, 5;
    %load/v 8, v0x2906400_0, 8;
    %mov 16, 0, 2;
    %load/v 18, v0x29064d0_0, 8;
    %mov 26, 0, 2;
    %sub 8, 18, 10;
    %cmpi/u 8, 2, 10;
    %jmp/0xz  T_3.26, 4;
    %ix/load 0, 1, 0;
    %assign/v0 v0x29066f0_0, 0, 1;
    %jmp T_3.27;
T_3.26 ;
    %ix/load 0, 1, 0;
    %assign/v0 v0x29066f0_0, 0, 0;
T_3.27 ;
    %jmp T_3.25;
T_3.24 ;
    %load/v 8, v0x2906400_0, 8;
    %load/v 16, v0x29064d0_0, 8;
    %cmp/u 8, 16, 8;
    %jmp/0xz  T_3.28, 5;
    %load/v 8, v0x29064d0_0, 8;
    %mov 16, 0, 2;
    %load/v 18, v0x2906400_0, 8;
    %mov 26, 0, 2;
    %sub 8, 18, 10;
    %cmpi/u 8, 2, 10;
    %jmp/0xz  T_3.30, 4;
    %ix/load 0, 1, 0;
    %assign/v0 v0x29066f0_0, 0, 1;
    %jmp T_3.31;
T_3.30 ;
    %ix/load 0, 1, 0;
    %assign/v0 v0x29066f0_0, 0, 0;
T_3.31 ;
    %jmp T_3.29;
T_3.28 ;
    %ix/load 0, 1, 0;
    %assign/v0 v0x29066f0_0, 0, 1;
T_3.29 ;
T_3.25 ;
    %jmp T_3.15;
T_3.3 ;
    %load/v 8, v0x29064d0_0, 8;
    %load/v 16, v0x2906400_0, 8;
    %cmp/u 8, 16, 8;
    %jmp/0xz  T_3.32, 5;
    %load/v 8, v0x2906400_0, 8;
    %mov 16, 0, 2;
    %load/v 18, v0x29064d0_0, 8;
    %mov 26, 0, 2;
    %sub 8, 18, 10;
    %cmpi/u 8, 3, 10;
    %jmp/0xz  T_3.34, 4;
    %ix/load 0, 1, 0;
    %assign/v0 v0x29066f0_0, 0, 1;
    %jmp T_3.35;
T_3.34 ;
    %ix/load 0, 1, 0;
    %assign/v0 v0x29066f0_0, 0, 0;
T_3.35 ;
    %jmp T_3.33;
T_3.32 ;
    %load/v 8, v0x2906400_0, 8;
    %load/v 16, v0x29064d0_0, 8;
    %cmp/u 8, 16, 8;
    %jmp/0xz  T_3.36, 5;
    %load/v 8, v0x29064d0_0, 8;
    %mov 16, 0, 2;
    %load/v 18, v0x2906400_0, 8;
    %mov 26, 0, 2;
    %sub 8, 18, 10;
    %cmpi/u 8, 3, 10;
    %jmp/0xz  T_3.38, 4;
    %ix/load 0, 1, 0;
    %assign/v0 v0x29066f0_0, 0, 1;
    %jmp T_3.39;
T_3.38 ;
    %ix/load 0, 1, 0;
    %assign/v0 v0x29066f0_0, 0, 0;
T_3.39 ;
    %jmp T_3.37;
T_3.36 ;
    %ix/load 0, 1, 0;
    %assign/v0 v0x29066f0_0, 0, 1;
T_3.37 ;
T_3.33 ;
    %jmp T_3.15;
T_3.4 ;
    %load/v 8, v0x29064d0_0, 8;
    %load/v 16, v0x2906400_0, 8;
    %cmp/u 8, 16, 8;
    %jmp/0xz  T_3.40, 5;
    %load/v 8, v0x2906400_0, 8;
    %mov 16, 0, 2;
    %load/v 18, v0x29064d0_0, 8;
    %mov 26, 0, 2;
    %sub 8, 18, 10;
    %cmpi/u 8, 4, 10;
    %jmp/0xz  T_3.42, 4;
    %ix/load 0, 1, 0;
    %assign/v0 v0x29066f0_0, 0, 1;
    %jmp T_3.43;
T_3.42 ;
    %ix/load 0, 1, 0;
    %assign/v0 v0x29066f0_0, 0, 0;
T_3.43 ;
    %jmp T_3.41;
T_3.40 ;
    %load/v 8, v0x2906400_0, 8;
    %load/v 16, v0x29064d0_0, 8;
    %cmp/u 8, 16, 8;
    %jmp/0xz  T_3.44, 5;
    %load/v 8, v0x29064d0_0, 8;
    %mov 16, 0, 2;
    %load/v 18, v0x2906400_0, 8;
    %mov 26, 0, 2;
    %sub 8, 18, 10;
    %cmpi/u 8, 4, 10;
    %jmp/0xz  T_3.46, 4;
    %ix/load 0, 1, 0;
    %assign/v0 v0x29066f0_0, 0, 1;
    %jmp T_3.47;
T_3.46 ;
    %ix/load 0, 1, 0;
    %assign/v0 v0x29066f0_0, 0, 0;
T_3.47 ;
    %jmp T_3.45;
T_3.44 ;
    %ix/load 0, 1, 0;
    %assign/v0 v0x29066f0_0, 0, 1;
T_3.45 ;
T_3.41 ;
    %jmp T_3.15;
T_3.5 ;
    %load/v 8, v0x29064d0_0, 8;
    %load/v 16, v0x2906400_0, 8;
    %cmp/u 8, 16, 8;
    %jmp/0xz  T_3.48, 5;
    %load/v 8, v0x2906400_0, 8;
    %mov 16, 0, 2;
    %load/v 18, v0x29064d0_0, 8;
    %mov 26, 0, 2;
    %sub 8, 18, 10;
    %cmpi/u 8, 5, 10;
    %jmp/0xz  T_3.50, 4;
    %ix/load 0, 1, 0;
    %assign/v0 v0x29066f0_0, 0, 1;
    %jmp T_3.51;
T_3.50 ;
    %ix/load 0, 1, 0;
    %assign/v0 v0x29066f0_0, 0, 0;
T_3.51 ;
    %jmp T_3.49;
T_3.48 ;
    %load/v 8, v0x2906400_0, 8;
    %load/v 16, v0x29064d0_0, 8;
    %cmp/u 8, 16, 8;
    %jmp/0xz  T_3.52, 5;
    %load/v 8, v0x29064d0_0, 8;
    %mov 16, 0, 2;
    %load/v 18, v0x2906400_0, 8;
    %mov 26, 0, 2;
    %sub 8, 18, 10;
    %cmpi/u 8, 5, 10;
    %jmp/0xz  T_3.54, 4;
    %ix/load 0, 1, 0;
    %assign/v0 v0x29066f0_0, 0, 1;
    %jmp T_3.55;
T_3.54 ;
    %ix/load 0, 1, 0;
    %assign/v0 v0x29066f0_0, 0, 0;
T_3.55 ;
    %jmp T_3.53;
T_3.52 ;
    %ix/load 0, 1, 0;
    %assign/v0 v0x29066f0_0, 0, 1;
T_3.53 ;
T_3.49 ;
    %jmp T_3.15;
T_3.6 ;
    %load/v 8, v0x29064d0_0, 8;
    %load/v 16, v0x2906400_0, 8;
    %cmp/u 8, 16, 8;
    %jmp/0xz  T_3.56, 5;
    %load/v 8, v0x2906400_0, 8;
    %mov 16, 0, 2;
    %load/v 18, v0x29064d0_0, 8;
    %mov 26, 0, 2;
    %sub 8, 18, 10;
    %cmpi/u 8, 6, 10;
    %jmp/0xz  T_3.58, 4;
    %ix/load 0, 1, 0;
    %assign/v0 v0x29066f0_0, 0, 1;
    %jmp T_3.59;
T_3.58 ;
    %ix/load 0, 1, 0;
    %assign/v0 v0x29066f0_0, 0, 0;
T_3.59 ;
    %jmp T_3.57;
T_3.56 ;
    %load/v 8, v0x2906400_0, 8;
    %load/v 16, v0x29064d0_0, 8;
    %cmp/u 8, 16, 8;
    %jmp/0xz  T_3.60, 5;
    %load/v 8, v0x29064d0_0, 8;
    %mov 16, 0, 2;
    %load/v 18, v0x2906400_0, 8;
    %mov 26, 0, 2;
    %sub 8, 18, 10;
    %cmpi/u 8, 6, 10;
    %jmp/0xz  T_3.62, 4;
    %ix/load 0, 1, 0;
    %assign/v0 v0x29066f0_0, 0, 1;
    %jmp T_3.63;
T_3.62 ;
    %ix/load 0, 1, 0;
    %assign/v0 v0x29066f0_0, 0, 0;
T_3.63 ;
    %jmp T_3.61;
T_3.60 ;
    %ix/load 0, 1, 0;
    %assign/v0 v0x29066f0_0, 0, 1;
T_3.61 ;
T_3.57 ;
    %jmp T_3.15;
T_3.7 ;
    %load/v 8, v0x29064d0_0, 8;
    %load/v 16, v0x2906400_0, 8;
    %cmp/u 8, 16, 8;
    %jmp/0xz  T_3.64, 5;
    %load/v 8, v0x2906400_0, 8;
    %mov 16, 0, 2;
    %load/v 18, v0x29064d0_0, 8;
    %mov 26, 0, 2;
    %sub 8, 18, 10;
    %cmpi/u 8, 7, 10;
    %jmp/0xz  T_3.66, 4;
    %ix/load 0, 1, 0;
    %assign/v0 v0x29066f0_0, 0, 1;
    %jmp T_3.67;
T_3.66 ;
    %ix/load 0, 1, 0;
    %assign/v0 v0x29066f0_0, 0, 0;
T_3.67 ;
    %jmp T_3.65;
T_3.64 ;
    %load/v 8, v0x2906400_0, 8;
    %load/v 16, v0x29064d0_0, 8;
    %cmp/u 8, 16, 8;
    %jmp/0xz  T_3.68, 5;
    %load/v 8, v0x29064d0_0, 8;
    %mov 16, 0, 2;
    %load/v 18, v0x2906400_0, 8;
    %mov 26, 0, 2;
    %sub 8, 18, 10;
    %cmpi/u 8, 7, 10;
    %jmp/0xz  T_3.70, 4;
    %ix/load 0, 1, 0;
    %assign/v0 v0x29066f0_0, 0, 1;
    %jmp T_3.71;
T_3.70 ;
    %ix/load 0, 1, 0;
    %assign/v0 v0x29066f0_0, 0, 0;
T_3.71 ;
    %jmp T_3.69;
T_3.68 ;
    %ix/load 0, 1, 0;
    %assign/v0 v0x29066f0_0, 0, 1;
T_3.69 ;
T_3.65 ;
    %jmp T_3.15;
T_3.8 ;
    %load/v 8, v0x2906400_0, 8;
    %ix/load 0, 8, 0;
    %assign/v0 v0x2906620_0, 0, 8;
    %jmp T_3.15;
T_3.9 ;
    %load/v 8, v0x2906400_0, 8;
    %ix/load 0, 8, 0;
    %assign/v0 v0x2906620_0, 0, 8;
    %jmp T_3.15;
T_3.10 ;
    %load/v 8, v0x2906400_0, 8;
    %load/v 16, v0x29064d0_0, 8;
    %cmp/u 8, 16, 8;
    %jmp/0xz  T_3.72, 5;
    %ix/load 0, 1, 0;
    %assign/v0 v0x29066f0_0, 0, 1;
    %jmp T_3.73;
T_3.72 ;
    %ix/load 0, 1, 0;
    %assign/v0 v0x29066f0_0, 0, 0;
T_3.73 ;
    %jmp T_3.15;
T_3.11 ;
    %load/v 8, v0x2906400_0, 8;
    %load/v 16, v0x29064d0_0, 8;
    %add 8, 16, 8;
    %ix/load 0, 8, 0;
    %assign/v0 v0x2906620_0, 0, 8;
    %jmp T_3.15;
T_3.12 ;
    %load/v 8, v0x2906400_0, 8;
    %load/v 16, v0x29064d0_0, 8;
    %sub 8, 16, 8;
    %ix/load 0, 8, 0;
    %assign/v0 v0x2906620_0, 0, 8;
    %jmp T_3.15;
T_3.13 ;
    %load/v 8, v0x2906400_0, 8;
    %load/v 16, v0x29064d0_0, 8;
    %and 8, 16, 8;
    %inv 8, 8;
    %ix/load 0, 8, 0;
    %assign/v0 v0x2906620_0, 0, 8;
    %jmp T_3.15;
T_3.15 ;
    %jmp T_3;
    .thread T_3, $push;
    .scope S_0x2905170;
T_4 ;
    %wait E_0x28a3530;
    %load/v 8, v0x29057f0_0, 1;
    %jmp/0xz  T_4.0, 8;
    %set/v v0x29056a0_0, 0, 32;
T_4.2 ;
    %load/v 8, v0x29056a0_0, 32;
   %cmpi/s 8, 15, 32;
    %or 5, 4, 1;
    %jmp/0xz T_4.3, 5;
    %ix/getv/s 3, v0x29056a0_0;
    %jmp/1 t_0, 4;
    %ix/load 0, 8, 0; word width
    %ix/load 1, 0, 0; part off
    %assign/av v0x2905770, 0, 0;
t_0 ;
    %ix/load 0, 1, 0;
    %load/vp0/s 8, v0x29056a0_0, 32;
    %set/v v0x29056a0_0, 8, 32;
    %jmp T_4.2;
T_4.3 ;
    %jmp T_4.1;
T_4.0 ;
    %load/v 8, v0x2905a70_0, 1;
    %jmp/0xz  T_4.4, 8;
    %load/v 8, v0x2905440_0, 8;
    %ix/getv 3, v0x2905620_0;
    %jmp/1 t_1, 4;
    %ix/load 0, 8, 0; word width
    %ix/load 1, 0, 0; part off
    %assign/av v0x2905770, 0, 8;
t_1 ;
    %jmp T_4.5;
T_4.4 ;
    %ix/getv 3, v0x2905620_0;
    %load/av 8, v0x2905770, 8;
    %ix/getv 3, v0x2905620_0;
    %jmp/1 t_2, 4;
    %ix/load 0, 8, 0; word width
    %ix/load 1, 0, 0; part off
    %assign/av v0x2905770, 0, 8;
t_2 ;
T_4.5 ;
T_4.1 ;
    %jmp T_4;
    .thread T_4;
    .scope S_0x2904e90;
T_5 ;
    %wait E_0x28a3530;
    %load/v 8, v0x29050d0_0, 1;
    %ix/load 0, 1, 0;
    %assign/v0 v0x2905050_0, 0, 8;
    %jmp T_5;
    .thread T_5;
    .scope S_0x2904ac0;
T_6 ;
    %wait E_0x2904bb0;
    %load/v 8, v0x2904de0_0, 1;
    %jmp/0xz  T_6.0, 8;
    %load/v 8, v0x2904ca0_0, 8;
    %ix/load 0, 8, 0;
    %assign/v0 v0x2904d40_0, 0, 8;
    %jmp T_6.1;
T_6.0 ;
    %load/v 8, v0x2904be0_0, 8;
    %ix/load 0, 8, 0;
    %assign/v0 v0x2904d40_0, 0, 8;
T_6.1 ;
    %jmp T_6;
    .thread T_6, $push;
    .scope S_0x2904590;
T_7 ;
    %wait E_0x2904680;
    %load/v 8, v0x2904a10_0, 1;
    %jmp/0xz  T_7.0, 8;
    %load/v 8, v0x29048e0_0, 8;
    %ix/load 0, 8, 0;
    %assign/v0 v0x2904990_0, 0, 8;
    %jmp T_7.1;
T_7.0 ;
    %load/v 8, v0x2904860_0, 8;
    %ix/load 0, 8, 0;
    %assign/v0 v0x2904990_0, 0, 8;
T_7.1 ;
    %jmp T_7;
    .thread T_7, $push;
    .scope S_0x28a04a0;
T_8 ;
    %wait E_0x28a3530;
    %load/v 8, v0x2901d50_0, 1;
    %jmp/0xz  T_8.0, 8;
    %ix/load 3, 0, 0; address
    %ix/load 0, 8, 0; word width
    %ix/load 1, 0, 0; part off
    %assign/av v0x2901e30, 0, 0;
t_3 ;
    %ix/load 3, 1, 0; address
    %ix/load 0, 8, 0; word width
    %ix/load 1, 0, 0; part off
    %assign/av v0x2901e30, 0, 0;
t_4 ;
    %ix/load 3, 2, 0; address
    %ix/load 0, 8, 0; word width
    %ix/load 1, 0, 0; part off
    %assign/av v0x2901e30, 0, 0;
t_5 ;
    %ix/load 3, 3, 0; address
    %ix/load 0, 8, 0; word width
    %ix/load 1, 0, 0; part off
    %assign/av v0x2901e30, 0, 0;
t_6 ;
    %ix/load 3, 4, 0; address
    %ix/load 0, 8, 0; word width
    %ix/load 1, 0, 0; part off
    %assign/av v0x2901e30, 0, 0;
t_7 ;
    %ix/load 3, 5, 0; address
    %ix/load 0, 8, 0; word width
    %ix/load 1, 0, 0; part off
    %assign/av v0x2901e30, 0, 0;
t_8 ;
    %ix/load 3, 6, 0; address
    %ix/load 0, 8, 0; word width
    %ix/load 1, 0, 0; part off
    %assign/av v0x2901e30, 0, 0;
t_9 ;
    %ix/load 3, 7, 0; address
    %ix/load 0, 8, 0; word width
    %ix/load 1, 0, 0; part off
    %assign/av v0x2901e30, 0, 0;
t_10 ;
    %ix/load 3, 8, 0; address
    %ix/load 0, 8, 0; word width
    %ix/load 1, 0, 0; part off
    %assign/av v0x2901e30, 0, 0;
t_11 ;
    %ix/load 3, 9, 0; address
    %ix/load 0, 8, 0; word width
    %ix/load 1, 0, 0; part off
    %assign/av v0x2901e30, 0, 0;
t_12 ;
    %ix/load 3, 10, 0; address
    %ix/load 0, 8, 0; word width
    %ix/load 1, 0, 0; part off
    %assign/av v0x2901e30, 0, 0;
t_13 ;
    %ix/load 3, 11, 0; address
    %ix/load 0, 8, 0; word width
    %ix/load 1, 0, 0; part off
    %assign/av v0x2901e30, 0, 0;
t_14 ;
    %ix/load 3, 12, 0; address
    %ix/load 0, 8, 0; word width
    %ix/load 1, 0, 0; part off
    %assign/av v0x2901e30, 0, 0;
t_15 ;
    %ix/load 3, 13, 0; address
    %ix/load 0, 8, 0; word width
    %ix/load 1, 0, 0; part off
    %assign/av v0x2901e30, 0, 0;
t_16 ;
    %ix/load 3, 14, 0; address
    %ix/load 0, 8, 0; word width
    %ix/load 1, 0, 0; part off
    %assign/av v0x2901e30, 0, 0;
t_17 ;
    %ix/load 3, 15, 0; address
    %ix/load 0, 8, 0; word width
    %ix/load 1, 0, 0; part off
    %assign/av v0x2901e30, 0, 0;
t_18 ;
    %ix/load 3, 16, 0; address
    %ix/load 0, 8, 0; word width
    %ix/load 1, 0, 0; part off
    %assign/av v0x2901e30, 0, 0;
t_19 ;
    %ix/load 3, 17, 0; address
    %ix/load 0, 8, 0; word width
    %ix/load 1, 0, 0; part off
    %assign/av v0x2901e30, 0, 0;
t_20 ;
    %ix/load 3, 18, 0; address
    %ix/load 0, 8, 0; word width
    %ix/load 1, 0, 0; part off
    %assign/av v0x2901e30, 0, 0;
t_21 ;
    %ix/load 3, 19, 0; address
    %ix/load 0, 8, 0; word width
    %ix/load 1, 0, 0; part off
    %assign/av v0x2901e30, 0, 0;
t_22 ;
    %ix/load 3, 20, 0; address
    %ix/load 0, 8, 0; word width
    %ix/load 1, 0, 0; part off
    %assign/av v0x2901e30, 0, 0;
t_23 ;
    %ix/load 3, 21, 0; address
    %ix/load 0, 8, 0; word width
    %ix/load 1, 0, 0; part off
    %assign/av v0x2901e30, 0, 0;
t_24 ;
    %ix/load 3, 22, 0; address
    %ix/load 0, 8, 0; word width
    %ix/load 1, 0, 0; part off
    %assign/av v0x2901e30, 0, 0;
t_25 ;
    %ix/load 3, 23, 0; address
    %ix/load 0, 8, 0; word width
    %ix/load 1, 0, 0; part off
    %assign/av v0x2901e30, 0, 0;
t_26 ;
    %ix/load 3, 24, 0; address
    %ix/load 0, 8, 0; word width
    %ix/load 1, 0, 0; part off
    %assign/av v0x2901e30, 0, 0;
t_27 ;
    %ix/load 3, 25, 0; address
    %ix/load 0, 8, 0; word width
    %ix/load 1, 0, 0; part off
    %assign/av v0x2901e30, 0, 0;
t_28 ;
    %ix/load 3, 26, 0; address
    %ix/load 0, 8, 0; word width
    %ix/load 1, 0, 0; part off
    %assign/av v0x2901e30, 0, 0;
t_29 ;
    %ix/load 3, 27, 0; address
    %ix/load 0, 8, 0; word width
    %ix/load 1, 0, 0; part off
    %assign/av v0x2901e30, 0, 0;
t_30 ;
    %ix/load 3, 28, 0; address
    %ix/load 0, 8, 0; word width
    %ix/load 1, 0, 0; part off
    %assign/av v0x2901e30, 0, 0;
t_31 ;
    %ix/load 3, 29, 0; address
    %ix/load 0, 8, 0; word width
    %ix/load 1, 0, 0; part off
    %assign/av v0x2901e30, 0, 0;
t_32 ;
    %ix/load 3, 30, 0; address
    %ix/load 0, 8, 0; word width
    %ix/load 1, 0, 0; part off
    %assign/av v0x2901e30, 0, 0;
t_33 ;
    %ix/load 3, 31, 0; address
    %ix/load 0, 8, 0; word width
    %ix/load 1, 0, 0; part off
    %assign/av v0x2901e30, 0, 0;
t_34 ;
    %ix/load 3, 32, 0; address
    %ix/load 0, 8, 0; word width
    %ix/load 1, 0, 0; part off
    %assign/av v0x2901e30, 0, 0;
t_35 ;
    %ix/load 3, 33, 0; address
    %ix/load 0, 8, 0; word width
    %ix/load 1, 0, 0; part off
    %assign/av v0x2901e30, 0, 0;
t_36 ;
    %ix/load 3, 34, 0; address
    %ix/load 0, 8, 0; word width
    %ix/load 1, 0, 0; part off
    %assign/av v0x2901e30, 0, 0;
t_37 ;
    %ix/load 3, 35, 0; address
    %ix/load 0, 8, 0; word width
    %ix/load 1, 0, 0; part off
    %assign/av v0x2901e30, 0, 0;
t_38 ;
    %ix/load 3, 36, 0; address
    %ix/load 0, 8, 0; word width
    %ix/load 1, 0, 0; part off
    %assign/av v0x2901e30, 0, 0;
t_39 ;
    %ix/load 3, 37, 0; address
    %ix/load 0, 8, 0; word width
    %ix/load 1, 0, 0; part off
    %assign/av v0x2901e30, 0, 0;
t_40 ;
    %ix/load 3, 38, 0; address
    %ix/load 0, 8, 0; word width
    %ix/load 1, 0, 0; part off
    %assign/av v0x2901e30, 0, 0;
t_41 ;
    %ix/load 3, 39, 0; address
    %ix/load 0, 8, 0; word width
    %ix/load 1, 0, 0; part off
    %assign/av v0x2901e30, 0, 0;
t_42 ;
    %ix/load 3, 40, 0; address
    %ix/load 0, 8, 0; word width
    %ix/load 1, 0, 0; part off
    %assign/av v0x2901e30, 0, 0;
t_43 ;
    %ix/load 3, 41, 0; address
    %ix/load 0, 8, 0; word width
    %ix/load 1, 0, 0; part off
    %assign/av v0x2901e30, 0, 0;
t_44 ;
    %ix/load 3, 42, 0; address
    %ix/load 0, 8, 0; word width
    %ix/load 1, 0, 0; part off
    %assign/av v0x2901e30, 0, 0;
t_45 ;
    %ix/load 3, 43, 0; address
    %ix/load 0, 8, 0; word width
    %ix/load 1, 0, 0; part off
    %assign/av v0x2901e30, 0, 0;
t_46 ;
    %ix/load 3, 44, 0; address
    %ix/load 0, 8, 0; word width
    %ix/load 1, 0, 0; part off
    %assign/av v0x2901e30, 0, 0;
t_47 ;
    %ix/load 3, 45, 0; address
    %ix/load 0, 8, 0; word width
    %ix/load 1, 0, 0; part off
    %assign/av v0x2901e30, 0, 0;
t_48 ;
    %ix/load 3, 46, 0; address
    %ix/load 0, 8, 0; word width
    %ix/load 1, 0, 0; part off
    %assign/av v0x2901e30, 0, 0;
t_49 ;
    %ix/load 3, 47, 0; address
    %ix/load 0, 8, 0; word width
    %ix/load 1, 0, 0; part off
    %assign/av v0x2901e30, 0, 0;
t_50 ;
    %ix/load 3, 48, 0; address
    %ix/load 0, 8, 0; word width
    %ix/load 1, 0, 0; part off
    %assign/av v0x2901e30, 0, 0;
t_51 ;
    %ix/load 3, 49, 0; address
    %ix/load 0, 8, 0; word width
    %ix/load 1, 0, 0; part off
    %assign/av v0x2901e30, 0, 0;
t_52 ;
    %ix/load 3, 50, 0; address
    %ix/load 0, 8, 0; word width
    %ix/load 1, 0, 0; part off
    %assign/av v0x2901e30, 0, 0;
t_53 ;
    %ix/load 3, 51, 0; address
    %ix/load 0, 8, 0; word width
    %ix/load 1, 0, 0; part off
    %assign/av v0x2901e30, 0, 0;
t_54 ;
    %ix/load 3, 52, 0; address
    %ix/load 0, 8, 0; word width
    %ix/load 1, 0, 0; part off
    %assign/av v0x2901e30, 0, 0;
t_55 ;
    %ix/load 3, 53, 0; address
    %ix/load 0, 8, 0; word width
    %ix/load 1, 0, 0; part off
    %assign/av v0x2901e30, 0, 0;
t_56 ;
    %ix/load 3, 54, 0; address
    %ix/load 0, 8, 0; word width
    %ix/load 1, 0, 0; part off
    %assign/av v0x2901e30, 0, 0;
t_57 ;
    %ix/load 3, 55, 0; address
    %ix/load 0, 8, 0; word width
    %ix/load 1, 0, 0; part off
    %assign/av v0x2901e30, 0, 0;
t_58 ;
    %ix/load 3, 56, 0; address
    %ix/load 0, 8, 0; word width
    %ix/load 1, 0, 0; part off
    %assign/av v0x2901e30, 0, 0;
t_59 ;
    %ix/load 3, 57, 0; address
    %ix/load 0, 8, 0; word width
    %ix/load 1, 0, 0; part off
    %assign/av v0x2901e30, 0, 0;
t_60 ;
    %ix/load 3, 58, 0; address
    %ix/load 0, 8, 0; word width
    %ix/load 1, 0, 0; part off
    %assign/av v0x2901e30, 0, 0;
t_61 ;
    %ix/load 3, 59, 0; address
    %ix/load 0, 8, 0; word width
    %ix/load 1, 0, 0; part off
    %assign/av v0x2901e30, 0, 0;
t_62 ;
    %ix/load 3, 60, 0; address
    %ix/load 0, 8, 0; word width
    %ix/load 1, 0, 0; part off
    %assign/av v0x2901e30, 0, 0;
t_63 ;
    %ix/load 3, 61, 0; address
    %ix/load 0, 8, 0; word width
    %ix/load 1, 0, 0; part off
    %assign/av v0x2901e30, 0, 0;
t_64 ;
    %ix/load 3, 62, 0; address
    %ix/load 0, 8, 0; word width
    %ix/load 1, 0, 0; part off
    %assign/av v0x2901e30, 0, 0;
t_65 ;
    %ix/load 3, 63, 0; address
    %ix/load 0, 8, 0; word width
    %ix/load 1, 0, 0; part off
    %assign/av v0x2901e30, 0, 0;
t_66 ;
    %ix/load 3, 64, 0; address
    %ix/load 0, 8, 0; word width
    %ix/load 1, 0, 0; part off
    %assign/av v0x2901e30, 0, 0;
t_67 ;
    %ix/load 3, 65, 0; address
    %ix/load 0, 8, 0; word width
    %ix/load 1, 0, 0; part off
    %assign/av v0x2901e30, 0, 0;
t_68 ;
    %ix/load 3, 66, 0; address
    %ix/load 0, 8, 0; word width
    %ix/load 1, 0, 0; part off
    %assign/av v0x2901e30, 0, 0;
t_69 ;
    %ix/load 3, 67, 0; address
    %ix/load 0, 8, 0; word width
    %ix/load 1, 0, 0; part off
    %assign/av v0x2901e30, 0, 0;
t_70 ;
    %ix/load 3, 68, 0; address
    %ix/load 0, 8, 0; word width
    %ix/load 1, 0, 0; part off
    %assign/av v0x2901e30, 0, 0;
t_71 ;
    %ix/load 3, 69, 0; address
    %ix/load 0, 8, 0; word width
    %ix/load 1, 0, 0; part off
    %assign/av v0x2901e30, 0, 0;
t_72 ;
    %ix/load 3, 70, 0; address
    %ix/load 0, 8, 0; word width
    %ix/load 1, 0, 0; part off
    %assign/av v0x2901e30, 0, 0;
t_73 ;
    %ix/load 3, 71, 0; address
    %ix/load 0, 8, 0; word width
    %ix/load 1, 0, 0; part off
    %assign/av v0x2901e30, 0, 0;
t_74 ;
    %ix/load 3, 72, 0; address
    %ix/load 0, 8, 0; word width
    %ix/load 1, 0, 0; part off
    %assign/av v0x2901e30, 0, 0;
t_75 ;
    %ix/load 3, 73, 0; address
    %ix/load 0, 8, 0; word width
    %ix/load 1, 0, 0; part off
    %assign/av v0x2901e30, 0, 0;
t_76 ;
    %ix/load 3, 74, 0; address
    %ix/load 0, 8, 0; word width
    %ix/load 1, 0, 0; part off
    %assign/av v0x2901e30, 0, 0;
t_77 ;
    %ix/load 3, 75, 0; address
    %ix/load 0, 8, 0; word width
    %ix/load 1, 0, 0; part off
    %assign/av v0x2901e30, 0, 0;
t_78 ;
    %ix/load 3, 76, 0; address
    %ix/load 0, 8, 0; word width
    %ix/load 1, 0, 0; part off
    %assign/av v0x2901e30, 0, 0;
t_79 ;
    %ix/load 3, 77, 0; address
    %ix/load 0, 8, 0; word width
    %ix/load 1, 0, 0; part off
    %assign/av v0x2901e30, 0, 0;
t_80 ;
    %ix/load 3, 78, 0; address
    %ix/load 0, 8, 0; word width
    %ix/load 1, 0, 0; part off
    %assign/av v0x2901e30, 0, 0;
t_81 ;
    %ix/load 3, 79, 0; address
    %ix/load 0, 8, 0; word width
    %ix/load 1, 0, 0; part off
    %assign/av v0x2901e30, 0, 0;
t_82 ;
    %ix/load 3, 80, 0; address
    %ix/load 0, 8, 0; word width
    %ix/load 1, 0, 0; part off
    %assign/av v0x2901e30, 0, 0;
t_83 ;
    %ix/load 3, 81, 0; address
    %ix/load 0, 8, 0; word width
    %ix/load 1, 0, 0; part off
    %assign/av v0x2901e30, 0, 0;
t_84 ;
    %ix/load 3, 82, 0; address
    %ix/load 0, 8, 0; word width
    %ix/load 1, 0, 0; part off
    %assign/av v0x2901e30, 0, 0;
t_85 ;
    %ix/load 3, 83, 0; address
    %ix/load 0, 8, 0; word width
    %ix/load 1, 0, 0; part off
    %assign/av v0x2901e30, 0, 0;
t_86 ;
    %ix/load 3, 84, 0; address
    %ix/load 0, 8, 0; word width
    %ix/load 1, 0, 0; part off
    %assign/av v0x2901e30, 0, 0;
t_87 ;
    %ix/load 3, 85, 0; address
    %ix/load 0, 8, 0; word width
    %ix/load 1, 0, 0; part off
    %assign/av v0x2901e30, 0, 0;
t_88 ;
    %ix/load 3, 86, 0; address
    %ix/load 0, 8, 0; word width
    %ix/load 1, 0, 0; part off
    %assign/av v0x2901e30, 0, 0;
t_89 ;
    %ix/load 3, 87, 0; address
    %ix/load 0, 8, 0; word width
    %ix/load 1, 0, 0; part off
    %assign/av v0x2901e30, 0, 0;
t_90 ;
    %ix/load 3, 88, 0; address
    %ix/load 0, 8, 0; word width
    %ix/load 1, 0, 0; part off
    %assign/av v0x2901e30, 0, 0;
t_91 ;
    %ix/load 3, 89, 0; address
    %ix/load 0, 8, 0; word width
    %ix/load 1, 0, 0; part off
    %assign/av v0x2901e30, 0, 0;
t_92 ;
    %ix/load 3, 90, 0; address
    %ix/load 0, 8, 0; word width
    %ix/load 1, 0, 0; part off
    %assign/av v0x2901e30, 0, 0;
t_93 ;
    %ix/load 3, 91, 0; address
    %ix/load 0, 8, 0; word width
    %ix/load 1, 0, 0; part off
    %assign/av v0x2901e30, 0, 0;
t_94 ;
    %ix/load 3, 92, 0; address
    %ix/load 0, 8, 0; word width
    %ix/load 1, 0, 0; part off
    %assign/av v0x2901e30, 0, 0;
t_95 ;
    %ix/load 3, 93, 0; address
    %ix/load 0, 8, 0; word width
    %ix/load 1, 0, 0; part off
    %assign/av v0x2901e30, 0, 0;
t_96 ;
    %ix/load 3, 94, 0; address
    %ix/load 0, 8, 0; word width
    %ix/load 1, 0, 0; part off
    %assign/av v0x2901e30, 0, 0;
t_97 ;
    %ix/load 3, 95, 0; address
    %ix/load 0, 8, 0; word width
    %ix/load 1, 0, 0; part off
    %assign/av v0x2901e30, 0, 0;
t_98 ;
    %ix/load 3, 96, 0; address
    %ix/load 0, 8, 0; word width
    %ix/load 1, 0, 0; part off
    %assign/av v0x2901e30, 0, 0;
t_99 ;
    %ix/load 3, 97, 0; address
    %ix/load 0, 8, 0; word width
    %ix/load 1, 0, 0; part off
    %assign/av v0x2901e30, 0, 0;
t_100 ;
    %ix/load 3, 98, 0; address
    %ix/load 0, 8, 0; word width
    %ix/load 1, 0, 0; part off
    %assign/av v0x2901e30, 0, 0;
t_101 ;
    %ix/load 3, 99, 0; address
    %ix/load 0, 8, 0; word width
    %ix/load 1, 0, 0; part off
    %assign/av v0x2901e30, 0, 0;
t_102 ;
    %ix/load 3, 100, 0; address
    %ix/load 0, 8, 0; word width
    %ix/load 1, 0, 0; part off
    %assign/av v0x2901e30, 0, 0;
t_103 ;
    %ix/load 3, 101, 0; address
    %ix/load 0, 8, 0; word width
    %ix/load 1, 0, 0; part off
    %assign/av v0x2901e30, 0, 0;
t_104 ;
    %ix/load 3, 102, 0; address
    %ix/load 0, 8, 0; word width
    %ix/load 1, 0, 0; part off
    %assign/av v0x2901e30, 0, 0;
t_105 ;
    %ix/load 3, 103, 0; address
    %ix/load 0, 8, 0; word width
    %ix/load 1, 0, 0; part off
    %assign/av v0x2901e30, 0, 0;
t_106 ;
    %ix/load 3, 104, 0; address
    %ix/load 0, 8, 0; word width
    %ix/load 1, 0, 0; part off
    %assign/av v0x2901e30, 0, 0;
t_107 ;
    %ix/load 3, 105, 0; address
    %ix/load 0, 8, 0; word width
    %ix/load 1, 0, 0; part off
    %assign/av v0x2901e30, 0, 0;
t_108 ;
    %ix/load 3, 106, 0; address
    %ix/load 0, 8, 0; word width
    %ix/load 1, 0, 0; part off
    %assign/av v0x2901e30, 0, 0;
t_109 ;
    %ix/load 3, 107, 0; address
    %ix/load 0, 8, 0; word width
    %ix/load 1, 0, 0; part off
    %assign/av v0x2901e30, 0, 0;
t_110 ;
    %ix/load 3, 108, 0; address
    %ix/load 0, 8, 0; word width
    %ix/load 1, 0, 0; part off
    %assign/av v0x2901e30, 0, 0;
t_111 ;
    %ix/load 3, 109, 0; address
    %ix/load 0, 8, 0; word width
    %ix/load 1, 0, 0; part off
    %assign/av v0x2901e30, 0, 0;
t_112 ;
    %ix/load 3, 110, 0; address
    %ix/load 0, 8, 0; word width
    %ix/load 1, 0, 0; part off
    %assign/av v0x2901e30, 0, 0;
t_113 ;
    %ix/load 3, 111, 0; address
    %ix/load 0, 8, 0; word width
    %ix/load 1, 0, 0; part off
    %assign/av v0x2901e30, 0, 0;
t_114 ;
    %ix/load 3, 112, 0; address
    %ix/load 0, 8, 0; word width
    %ix/load 1, 0, 0; part off
    %assign/av v0x2901e30, 0, 0;
t_115 ;
    %ix/load 3, 113, 0; address
    %ix/load 0, 8, 0; word width
    %ix/load 1, 0, 0; part off
    %assign/av v0x2901e30, 0, 0;
t_116 ;
    %ix/load 3, 114, 0; address
    %ix/load 0, 8, 0; word width
    %ix/load 1, 0, 0; part off
    %assign/av v0x2901e30, 0, 0;
t_117 ;
    %ix/load 3, 115, 0; address
    %ix/load 0, 8, 0; word width
    %ix/load 1, 0, 0; part off
    %assign/av v0x2901e30, 0, 0;
t_118 ;
    %ix/load 3, 116, 0; address
    %ix/load 0, 8, 0; word width
    %ix/load 1, 0, 0; part off
    %assign/av v0x2901e30, 0, 0;
t_119 ;
    %ix/load 3, 117, 0; address
    %ix/load 0, 8, 0; word width
    %ix/load 1, 0, 0; part off
    %assign/av v0x2901e30, 0, 0;
t_120 ;
    %ix/load 3, 118, 0; address
    %ix/load 0, 8, 0; word width
    %ix/load 1, 0, 0; part off
    %assign/av v0x2901e30, 0, 0;
t_121 ;
    %ix/load 3, 119, 0; address
    %ix/load 0, 8, 0; word width
    %ix/load 1, 0, 0; part off
    %assign/av v0x2901e30, 0, 0;
t_122 ;
    %ix/load 3, 120, 0; address
    %ix/load 0, 8, 0; word width
    %ix/load 1, 0, 0; part off
    %assign/av v0x2901e30, 0, 0;
t_123 ;
    %ix/load 3, 121, 0; address
    %ix/load 0, 8, 0; word width
    %ix/load 1, 0, 0; part off
    %assign/av v0x2901e30, 0, 0;
t_124 ;
    %ix/load 3, 122, 0; address
    %ix/load 0, 8, 0; word width
    %ix/load 1, 0, 0; part off
    %assign/av v0x2901e30, 0, 0;
t_125 ;
    %ix/load 3, 123, 0; address
    %ix/load 0, 8, 0; word width
    %ix/load 1, 0, 0; part off
    %assign/av v0x2901e30, 0, 0;
t_126 ;
    %ix/load 3, 124, 0; address
    %ix/load 0, 8, 0; word width
    %ix/load 1, 0, 0; part off
    %assign/av v0x2901e30, 0, 0;
t_127 ;
    %ix/load 3, 125, 0; address
    %ix/load 0, 8, 0; word width
    %ix/load 1, 0, 0; part off
    %assign/av v0x2901e30, 0, 0;
t_128 ;
    %ix/load 3, 126, 0; address
    %ix/load 0, 8, 0; word width
    %ix/load 1, 0, 0; part off
    %assign/av v0x2901e30, 0, 0;
t_129 ;
    %ix/load 3, 127, 0; address
    %ix/load 0, 8, 0; word width
    %ix/load 1, 0, 0; part off
    %assign/av v0x2901e30, 0, 0;
t_130 ;
    %jmp T_8.1;
T_8.0 ;
    %load/v 8, v0x29046b0_0, 1;
    %jmp/0xz  T_8.2, 8;
    %load/v 8, v0x2901c10_0, 8;
    %ix/getv 3, v0x2901ad0_0;
    %jmp/1 t_131, 4;
    %ix/load 0, 8, 0; word width
    %ix/load 1, 0, 0; part off
    %assign/av v0x2901e30, 0, 8;
t_131 ;
T_8.2 ;
T_8.1 ;
    %jmp T_8;
    .thread T_8;
    .scope S_0x28d2020;
T_9 ;
    %delay 1, 0;
    %load/v 8, v0x2909d30_0, 1;
    %inv 8, 1;
    %set/v v0x2909d30_0, 8, 1;
    %jmp T_9;
    .thread T_9;
    .scope S_0x28d2020;
T_10 ;
    %vpi_call 2 18 "$dumpfile", "top_test.vcd";
    %vpi_call 2 19 "$dumpvars", 1'sb0, S_0x28d1a90;
    %vpi_call 2 20 "$dumplimit", 41'sb01110100011010100101001010001000000000000;
    %set/v v0x2909d30_0, 1, 1;
    %set/v v0x2909e30_0, 1, 1;
    %delay 20, 0;
    %set/v v0x2909e30_0, 0, 1;
    %delay 5000000, 0;
    %vpi_call 2 27 "$finish";
    %end;
    .thread T_10;
# The file index is used to find the file name in the following table.
:file_names 14;
    "N/A";
    "<interactive>";
    "top_test.v";
    "./define.h";
    "top.v";
    "pc.v";
    "queen.v";
    "decoder.v";
    "alu.v";
    "register.v";
    "zf.v";
    "selector.v";
    "memory.v";
    "./memory.h";
